Lattice Timing Report -  Setup  and Hold, Version Radiant Software (64-bit) 2023.1.0.43.3

Tue Mar 25 16:11:20 2025

Copyright (c) 1991-1994 by NeoCAD Inc. All rights reserved.
Copyright (c) 1995 AT&T Corp.   All rights reserved.
Copyright (c) 1995-2001 Lucent Technologies Inc.  All rights reserved.
Copyright (c) 2001 Agere Systems   All rights reserved.
Copyright (c) 2002-2023 Lattice Semiconductor Corporation,  All rights reserved.

Command line:    timing -sethld -v 10 -u 10 -endpoints 10 -nperend 1 -sp High-Performance_1.2V -hsp m -pwrprd -html -rpt SCCB_impl_1.twr SCCB_impl_1.udb -gui

-----------------------------------------
Design:          camera_configure
Family:          iCE40UP
Device:          iCE40UP5K
Package:         SG48
Performance:     High-Performance_1.2V
Package Status:                     Preliminary    Version 1.5
**Performance Hardware Data Status :   Advanced Version 1.0
-----------------------------------------


=====================================================================
                    Table of Contents
=====================================================================
    1  DESIGN CHECKING
        1.1  SDC Constraints
        1.2  Constraint Coverage
        1.3  Overall Summary
        1.4  Unconstrained Report
        1.5  Combinational Loop
        1.6  Error/Warning Messages
    2  Setup at Speed Grade High-Performance_1.2V Corner at 100 Degrees
        2.1  Clock Summary
        2.2  Endpoint slacks
        2.3  Detailed Report
    3  Hold at Speed Grade m Corner at -40 Degrees
        3.1  Endpoint slacks
        3.2  Detailed Report

=====================================================================
                    End of Table of Contents
=====================================================================

==============================================
1  DESIGN CHECKING
==============================================

1.1  SDC Constraints
=====================
[IGNORED:]create_generated_clock -name {test_clk_c} -source [get_pins cory_pll.lscc_pll_inst.u_PLL_B/REFERENCECLK] -divide_by 32 -multiply_by 67 [get_pins cory_pll.lscc_pll_inst.u_PLL_B/OUTCORE]

1.2  Constraint Coverage
---------------------------
Constraint Coverage: 0%


1.3  Overall Summary
---------------------------
 Setup at Speed Grade High-Performance_1.2V Corner at 100 Degrees     Timing Errors: 0 endpoints;  Total Negative Slack: 0.000 ns 
 Hold at Speed Grade m Corner at -40 Degrees                          Timing Errors: 0 endpoints;  Total Negative Slack: 0.000 ns 

1.4  Unconstrained Report
===========================

1.4.1  Unconstrained Start/End Points
--------------------------------------

Clocked but unconstrained timing start points
--------------------------------------------------
There is no start point satisfying reporting criteria


Clocked but unconstrained timing end points
-------------------------------------------------------------------
         Listing 10 End Points          |           Type           
-------------------------------------------------------------------
config_1/timer_31__I_10/D               |    No arrival or required
config_1/timer_31__I_11/D               |    No arrival or required
{config_1/timer_31__I_11/SP   config_1/timer_31__I_10/SP}                           
                                        |    No arrival or required
{config_1/timer_31__I_11/SR   config_1/timer_31__I_10/SR}                           
                                        |    No arrival or required
config_1/timer_31__I_31/D               |    No arrival or required
config_1/timer_31__I_32/D               |    No arrival or required
{config_1/timer_31__I_32/SP   config_1/timer_31__I_31/SP}                           
                                        |    No arrival or required
{config_1/timer_31__I_32/SR   config_1/timer_31__I_31/SR}                           
                                        |    No arrival or required
config_1/timer_31__I_34/D               |    No arrival or required
config_1/timer_31__I_34/SP              |    No arrival or required
-------------------------------------------------------------------
                                        |                          
Number of unconstrained timing end poin |                          
ts                                      |                       295
                                        |                          
-------------------------------------------------------------------

1.4.2  Start/End Points Without Timing Constraints
---------------------------------------------------

I/O ports without constraint
----------------------------
Possible constraints to use on I/O ports are:
set_input_delay,
set_output_delay,
set_max_delay,
create_clock,
create_generated_clock,
...

-------------------------------------------------------------------
     Listing 10 Start or End Points     |           Type           
-------------------------------------------------------------------
href_in                                 |                     input
vsync_in                                |                     input
start                                   |                     input
clk                                     |                     input
data_in[7]                              |                     input
data_in[6]                              |                     input
data_in[5]                              |                     input
data_in[4]                              |                     input
data_in[3]                              |                     input
data_in[2]                              |                     input
-------------------------------------------------------------------
                                        |                          
Number of I/O ports without constraint  |                        17
                                        |                          
-------------------------------------------------------------------

Nets without clock definition
Define a clock on a top level port or a generated clock on a clock divider pin associated with this net(s).
--------------------------------------------------
There is no instance satisfying reporting criteria



1.5  Combinational Loop
========================
None


1.6  Error/Warning Messages
============================
WARNING "70001944" - No master clock for
	generated clock	create_generated_clock -name {test_clk_c} -source [get_pins {cory_pll/lscc_pll_inst/u_PLL_B/REFERENCECLK}] -multiply_by 67 -divide_by 32 [get_pins {cory_pll/lscc_pll_inst/u_PLL_B/OUTCORE }] .

===============================================================
2  Setup at Speed Grade High-Performance_1.2V Corner at 100 Degrees
===============================================================

2.1  Clock Summary
=======================

2.1.1 Clock "test_clk_c"
=======================
create_generated_clock -name {test_clk_c} -source [get_pins {cory_pll/lscc_pll_inst/u_PLL_B/REFERENCECLK}] -multiply_by 67 -divide_by 32 [get_pins {cory_pll/lscc_pll_inst/u_PLL_B/OUTCORE }] 

Single Clock Domain
-------------------------------------------------------------------------------------------------------
            Clock test_clk_c            |                    |       Period       |     Frequency      
-------------------------------------------------------------------------------------------------------
 From test_clk_c                        |             Target |               +INF |          0.000 MHz 
                                        | Actual (all paths) |               ---- |               ---- 
-------------------------------------------------------------------------------------------------------

Clock Domain Crossing

2.2  Endpoint slacks
=======================
--------------------------------------------------
There is no end point satisfying reporting criteria

Total Negative Slack: 0


2.3  Detailed Report
=======================


XXXXXXXXXXXXXXXXXXXXXXXXXXXXXXXXXXXXXXXXXXXXXXXXXXXXXXXXXX

Detail report of critical paths

XXXXXXXXXXXXXXXXXXXXXXXXXXXXXXXXXXXXXXXXXXXXXXXXXXXXXXXXXX

 +++++++++++++++++++++++++++++++++++++++++++++++++++++++++++++++++++++
                    Detailed Report for timing paths 
 +++++++++++++++++++++++++++++++++++++++++++++++++++++++++++++++++++++
 +++++++++++++++++++++++++++++++++++++++++++++++++++++++++++++++++++++
                    End of Detailed Report for timing paths 
 +++++++++++++++++++++++++++++++++++++++++++++++++++++++++++++++++++++


##########################################################



===============================================================
3  Hold at Speed Grade m Corner at -40 Degrees
===============================================================

3.1  Endpoint slacks
=======================
--------------------------------------------------
There is no end point satisfying reporting criteria

Total Negative Slack: 0


3.2  Detailed Report
=======================


XXXXXXXXXXXXXXXXXXXXXXXXXXXXXXXXXXXXXXXXXXXXXXXXXXXXXXXXXX

Detail report of critical paths

XXXXXXXXXXXXXXXXXXXXXXXXXXXXXXXXXXXXXXXXXXXXXXXXXXXXXXXXXX

 +++++++++++++++++++++++++++++++++++++++++++++++++++++++++++++++++++++
                    Detailed Report for timing paths 
 +++++++++++++++++++++++++++++++++++++++++++++++++++++++++++++++++++++
 +++++++++++++++++++++++++++++++++++++++++++++++++++++++++++++++++++++
                    End of Detailed Report for timing paths 
 +++++++++++++++++++++++++++++++++++++++++++++++++++++++++++++++++++++


##########################################################



