synthesis:  version Radiant Software (64-bit) 2023.1.0.43.3

Copyright (c) 1991-1994 by NeoCAD Inc. All rights reserved.
Copyright (c) 1995 AT&T Corp.   All rights reserved.
Copyright (c) 1995-2001 Lucent Technologies Inc.  All rights reserved.
Copyright (c) 2001 Agere Systems   All rights reserved.
Copyright (c) 2002-2023 Lattice Semiconductor Corporation,  All rights reserved.
Sat Mar  8 17:02:26 2025


Command Line:  C:\lscc\radiant\2023.1\ispfpga\bin\nt64\synthesis.exe -f SCCB_impl_1_lattice.synproj -gui -msgset Z:/senior_design/0v7670_Verilog/SCCB/promote.xml 

Synthesis options:
The -a option is iCE40UP.
The -t option is SG48.
The -sp option is High-Performance_1.2V.
The -p option is iCE40UP5K.
                                                          


##########################################################


### Lattice Family     : iCE40UP


### Device             : iCE40UP5K


### Package            : SG48


### Performance Grade  : High-Performance_1.2V


                                                         


INFO <35001786> - synthesis: User-Selected Strategy Settings
Optimization goal = Area
Top-level module name = camera_configure.
Target frequency = 200.000000 MHz.
Maximum fanout = 1000.
Timing path count = 3 (default)
RWCheckOnRam = 0

BRAM utilization = 100.000000 %
DSP usage = true
DSP utilization = 100.000000 %
fsm_encoding_style = auto
resolve_mixed_drivers = 0
fix_gated_clocks = 1


Mux style = auto (Default)
Use Carry Chain = true
carry_chain_length = 0
Loop Limit = 1950.
Use IO Insertion = TRUE
Use IO Reg = AUTO

Resource Sharing = TRUE
Propagate Constants = TRUE
Remove Duplicate Registers = TRUE
Output HDL file name = SCCB_impl_1.vm.
ROM style = auto
RAM style = auto
The -comp option is FALSE.
The -syn option is FALSE.
-sdc option: SDC file input is SCCB_impl_1_cpe.ldc.
-path C:/lscc/radiant/2023.1/ispfpga/ice40tp/data (searchpath added)
-path Z:/senior_design/0v7670_Verilog/SCCB (searchpath added)
-path Z:/senior_design/0v7670_Verilog/SCCB/impl_1 (searchpath added)
-path Z:/senior_design/0v7670_Verilog/SCCB/mypll (searchpath added)
Mixed language design
Verilog design file = C:/lscc/radiant/2023.1/ip/pmi/pmi_iCE40UP.v
Verilog design file = Z:/senior_design/0v7670_Verilog/cory_relearns_verilog/src/camera_configure.v
Verilog design file = Z:/senior_design/0v7670_Verilog/cory_relearns_verilog/src/camera_read.v
Verilog design file = Z:/senior_design/0v7670_Verilog/cory_relearns_verilog/src/OV7670_config.v
Verilog design file = Z:/senior_design/0v7670_Verilog/cory_relearns_verilog/src/OV7670_config_rom.v
Verilog design file = Z:/senior_design/0v7670_Verilog/cory_relearns_verilog/src/SCCB_interface.v
Verilog design file = Z:/senior_design/0v7670_Verilog/SCCB/mypll/rtl/mypll.v
VHDL library = pmi
VHDL design file = C:/lscc/radiant/2023.1/ip/pmi/pmi_iCE40UP.vhd
The -r option is OFF. [ Remove LOC Properties is OFF. ]
WARNING <35935050> - synthesis: input port TRIM9 is not connected on this instance. VDB-5050
WARNING <35935050> - synthesis: input port TRIM8 is not connected on this instance. VDB-5050
WARNING <35935050> - synthesis: input port TRIM7 is not connected on this instance. VDB-5050
WARNING <35935050> - synthesis: input port TRIM6 is not connected on this instance. VDB-5050
WARNING <35935050> - synthesis: input port TRIM5 is not connected on this instance. VDB-5050
WARNING <35935050> - synthesis: input port TRIM4 is not connected on this instance. VDB-5050
WARNING <35935050> - synthesis: input port TRIM3 is not connected on this instance. VDB-5050
WARNING <35935050> - synthesis: input port TRIM2 is not connected on this instance. VDB-5050
WARNING <35935050> - synthesis: input port TRIM1 is not connected on this instance. VDB-5050
WARNING <35935050> - synthesis: input port TRIM0 is not connected on this instance. VDB-5050
WARNING <35935050> - synthesis: input port I is not connected on this instance. VDB-5050
Compile design.
Compile Design Begin
Analyzing Verilog file c:/lscc/radiant/2023.1/ip/pmi/pmi_ice40up.v. VERI-1482
INFO <35901328> - synthesis: c:/lscc/radiant/2023.1/ip/pmi/pmi_ice40up.v(1): analyzing included file c:/lscc/radiant/2023.1/ip/pmi/pmi_addsub.v. VERI-1328
INFO <35901328> - synthesis: c:/lscc/radiant/2023.1/ip/pmi/pmi_addsub.v(40): analyzing included file c:/lscc/radiant/2023.1/ip/pmi/../common/adder_subtractor/rtl/lscc_add_sub.v. VERI-1328
INFO <35901328> - synthesis: c:/lscc/radiant/2023.1/ip/pmi/pmi_ice40up.v(2): analyzing included file c:/lscc/radiant/2023.1/ip/pmi/pmi_add.v. VERI-1328
INFO <35901328> - synthesis: c:/lscc/radiant/2023.1/ip/pmi/pmi_add.v(50): analyzing included file c:/lscc/radiant/2023.1/ip/pmi/../common/adder/rtl/lscc_adder.v. VERI-1328
INFO <35901328> - synthesis: c:/lscc/radiant/2023.1/ip/pmi/pmi_ice40up.v(3): analyzing included file c:/lscc/radiant/2023.1/ip/pmi/pmi_complex_mult.v. VERI-1328
INFO <35901328> - synthesis: c:/lscc/radiant/2023.1/ip/pmi/pmi_complex_mult.v(52): analyzing included file c:/lscc/radiant/2023.1/ip/pmi/../common/complex_mult/rtl/lscc_complex_mult.v. VERI-1328
INFO <35901328> - synthesis: c:/lscc/radiant/2023.1/ip/pmi/pmi_ice40up.v(4): analyzing included file c:/lscc/radiant/2023.1/ip/pmi/pmi_counter.v. VERI-1328
INFO <35901328> - synthesis: c:/lscc/radiant/2023.1/ip/pmi/pmi_counter.v(39): analyzing included file c:/lscc/radiant/2023.1/ip/pmi/../common/counter/rtl/lscc_cntr.v. VERI-1328
INFO <35901328> - synthesis: c:/lscc/radiant/2023.1/ip/pmi/pmi_ice40up.v(5): analyzing included file c:/lscc/radiant/2023.1/ip/pmi/pmi_fifo.v. VERI-1328
INFO <35901328> - synthesis: c:/lscc/radiant/2023.1/ip/pmi/pmi_fifo.v(44): analyzing included file c:/lscc/radiant/2023.1/ip/pmi/../avant/fifo/rtl/lscc_fifo.v. VERI-1328
INFO <35901328> - synthesis: c:/lscc/radiant/2023.1/ip/pmi/pmi_ice40up.v(6): analyzing included file c:/lscc/radiant/2023.1/ip/pmi/pmi_fifo_dc.v. VERI-1328
INFO <35901328> - synthesis: c:/lscc/radiant/2023.1/ip/pmi/pmi_fifo_dc.v(47): analyzing included file c:/lscc/radiant/2023.1/ip/pmi/../avant/fifo_dc/rtl/lscc_fifo_dc.v. VERI-1328
INFO <35901328> - synthesis: c:/lscc/radiant/2023.1/ip/pmi/pmi_ice40up.v(7): analyzing included file c:/lscc/radiant/2023.1/ip/pmi/pmi_mac.v. VERI-1328
INFO <35901328> - synthesis: c:/lscc/radiant/2023.1/ip/pmi/pmi_mac.v(52): analyzing included file c:/lscc/radiant/2023.1/ip/pmi/../common/mult_accumulate/rtl/lscc_mult_accumulate.v. VERI-1328
INFO <35901328> - synthesis: c:/lscc/radiant/2023.1/ip/pmi/pmi_ice40up.v(8): analyzing included file c:/lscc/radiant/2023.1/ip/pmi/pmi_multaddsubsum.v. VERI-1328
INFO <35901328> - synthesis: c:/lscc/radiant/2023.1/ip/pmi/pmi_multaddsubsum.v(53): analyzing included file c:/lscc/radiant/2023.1/ip/pmi/../common/mult_add_sub_sum/rtl/lscc_mult_add_sub_sum.v. VERI-1328
INFO <35901328> - synthesis: c:/lscc/radiant/2023.1/ip/pmi/pmi_ice40up.v(9): analyzing included file c:/lscc/radiant/2023.1/ip/pmi/pmi_multaddsub.v. VERI-1328
INFO <35901328> - synthesis: c:/lscc/radiant/2023.1/ip/pmi/pmi_multaddsub.v(52): analyzing included file c:/lscc/radiant/2023.1/ip/pmi/../common/mult_add_sub/rtl/lscc_mult_add_sub.v. VERI-1328
INFO <35901328> - synthesis: c:/lscc/radiant/2023.1/ip/pmi/pmi_ice40up.v(10): analyzing included file c:/lscc/radiant/2023.1/ip/pmi/pmi_mult.v. VERI-1328
INFO <35901328> - synthesis: c:/lscc/radiant/2023.1/ip/pmi/pmi_mult.v(51): analyzing included file c:/lscc/radiant/2023.1/ip/pmi/../common/multiplier/rtl/lscc_multiplier.v. VERI-1328
INFO <35901328> - synthesis: c:/lscc/radiant/2023.1/ip/pmi/pmi_ice40up.v(11): analyzing included file c:/lscc/radiant/2023.1/ip/pmi/pmi_ram_dp.v. VERI-1328
INFO <35901328> - synthesis: c:/lscc/radiant/2023.1/ip/pmi/pmi_ram_dp.v(48): analyzing included file c:/lscc/radiant/2023.1/ip/pmi/../avant/ram_dp/rtl/lscc_ram_dp.v. VERI-1328
INFO <35901328> - synthesis: c:/lscc/radiant/2023.1/ip/pmi/pmi_ice40up.v(12): analyzing included file c:/lscc/radiant/2023.1/ip/pmi/pmi_ram_dq.v. VERI-1328
INFO <35901328> - synthesis: c:/lscc/radiant/2023.1/ip/pmi/pmi_ram_dq.v(45): analyzing included file c:/lscc/radiant/2023.1/ip/pmi/../avant/ram_dq/rtl/lscc_ram_dq.v. VERI-1328
INFO <35901328> - synthesis: c:/lscc/radiant/2023.1/ip/pmi/pmi_ice40up.v(13): analyzing included file c:/lscc/radiant/2023.1/ip/pmi/pmi_rom.v. VERI-1328
INFO <35901328> - synthesis: c:/lscc/radiant/2023.1/ip/pmi/pmi_rom.v(45): analyzing included file c:/lscc/radiant/2023.1/ip/pmi/../avant/rom/rtl/lscc_rom.v. VERI-1328
INFO <35901328> - synthesis: c:/lscc/radiant/2023.1/ip/pmi/pmi_ice40up.v(14): analyzing included file c:/lscc/radiant/2023.1/ip/pmi/pmi_sub.v. VERI-1328
INFO <35901328> - synthesis: c:/lscc/radiant/2023.1/ip/pmi/pmi_sub.v(50): analyzing included file c:/lscc/radiant/2023.1/ip/pmi/../common/subtractor/rtl/lscc_subtractor.v. VERI-1328
INFO <35901328> - synthesis: c:/lscc/radiant/2023.1/ip/pmi/pmi_ice40up.v(15): analyzing included file c:/lscc/radiant/2023.1/ip/pmi/pmi_ram_dp_be.v. VERI-1328
INFO <35901328> - synthesis: c:/lscc/radiant/2023.1/ip/pmi/pmi_ram_dp_be.v(49): analyzing included file c:/lscc/radiant/2023.1/ip/pmi/../avant/ram_dp/rtl/lscc_ram_dp.v. VERI-1328
INFO <35901328> - synthesis: c:/lscc/radiant/2023.1/ip/pmi/pmi_ice40up.v(16): analyzing included file c:/lscc/radiant/2023.1/ip/pmi/pmi_ram_dq_be.v. VERI-1328
INFO <35901328> - synthesis: c:/lscc/radiant/2023.1/ip/pmi/pmi_ram_dq_be.v(45): analyzing included file c:/lscc/radiant/2023.1/ip/pmi/../avant/ram_dq/rtl/lscc_ram_dq.v. VERI-1328
INFO <35901328> - synthesis: c:/lscc/radiant/2023.1/ip/pmi/pmi_ice40up.v(17): analyzing included file c:/lscc/radiant/2023.1/ip/pmi/pmi_dsp.v. VERI-1328
Analyzing Verilog file z:/senior_design/0v7670_verilog/cory_relearns_verilog/src/camera_configure.v. VERI-1482
Analyzing Verilog file z:/senior_design/0v7670_verilog/cory_relearns_verilog/src/camera_read.v. VERI-1482
Analyzing Verilog file z:/senior_design/0v7670_verilog/cory_relearns_verilog/src/ov7670_config.v. VERI-1482
Analyzing Verilog file z:/senior_design/0v7670_verilog/cory_relearns_verilog/src/ov7670_config_rom.v. VERI-1482
Analyzing Verilog file z:/senior_design/0v7670_verilog/cory_relearns_verilog/src/sccb_interface.v. VERI-1482
Analyzing Verilog file z:/senior_design/0v7670_verilog/sccb/mypll/rtl/mypll.v. VERI-1482
Analyzing VHDL file c:/lscc/radiant/2023.1/ip/pmi/pmi_ice40up.vhd. VHDL-1481
Analyzing VHDL file c:/lscc/radiant/2023.1/ip/pmi/pmi_ice40up.vhd

INFO <35921014> - synthesis: c:/lscc/radiant/2023.1/ip/pmi/pmi_ice40up.vhd(4): analyzing package components. VHDL-1014
INFO <35921504> - synthesis: The default VHDL library search path is now "Z:/senior_design/0v7670_Verilog/SCCB/impl_1". VHDL-1504
Top module language type = Verilog.
Top module name (Verilog, mixed language): camera_configure
INFO <35901018> - synthesis: z:/senior_design/0v7670_verilog/cory_relearns_verilog/src/camera_configure.v(23): compiling module camera_configure. VERI-1018
INFO <35901018> - synthesis: z:/senior_design/0v7670_verilog/cory_relearns_verilog/src/ov7670_config_rom.v(23): compiling module OV7670_config_rom. VERI-1018
INFO <35901018> - synthesis: z:/senior_design/0v7670_verilog/cory_relearns_verilog/src/ov7670_config.v(23): compiling module OV7670_config. VERI-1018
WARNING <35901209> - synthesis: z:/senior_design/0v7670_verilog/cory_relearns_verilog/src/ov7670_config.v(76): expression size 32 truncated to fit in target size 8. VERI-1209
WARNING <35901209> - synthesis: z:/senior_design/0v7670_verilog/cory_relearns_verilog/src/ov7670_config.v(84): expression size 32 truncated to fit in target size 8. VERI-1209
INFO <35901018> - synthesis: z:/senior_design/0v7670_verilog/cory_relearns_verilog/src/sccb_interface.v(23): compiling module SCCB_interface. VERI-1018
WARNING <35901209> - synthesis: z:/senior_design/0v7670_verilog/cory_relearns_verilog/src/sccb_interface.v(98): expression size 32 truncated to fit in target size 2. VERI-1209
WARNING <35901209> - synthesis: z:/senior_design/0v7670_verilog/cory_relearns_verilog/src/sccb_interface.v(119): expression size 32 truncated to fit in target size 1. VERI-1209
WARNING <35901209> - synthesis: z:/senior_design/0v7670_verilog/cory_relearns_verilog/src/sccb_interface.v(132): expression size 32 truncated to fit in target size 4. VERI-1209
INFO <35901018> - synthesis: z:/senior_design/0v7670_verilog/sccb/mypll/rtl/mypll.v(11): compiling module mypll. VERI-1018
INFO <35901018> - synthesis: z:/senior_design/0v7670_verilog/sccb/mypll/rtl/mypll.v(105): compiling module mypll_ipgen_lscc_pll(DIVR="0",DIVF="66",DIVQ="5",FILTER_RANGE="1",PLLOUT_SELECT_PORTA="GENCLK",PLLOUT_SELECT_PORTB="GENCLK",FREQUENCY_PIN_REFERENCECLK="12.000000"). VERI-1018
INFO <35901018> - synthesis: C:/lscc/radiant/2023.1/ispfpga/../cae_library/synthesis/verilog/iCE40UP.v(428): compiling module PLL_B(PLLOUT_SELECT_PORTA="GENCLK",PLLOUT_SELECT_PORTB="GENCLK",DIVF="66",DIVQ="5",FILTER_RANGE="1",FREQUENCY_PIN_REFERENCECLK="12.000000"). VERI-1018
WARNING <35935049> - synthesis: input port sclk_i remains unconnected for this instance. VDB-5049
WARNING <35935049> - synthesis: input port sdi_i remains unconnected for this instance. VDB-5049
WARNING <35901330> - synthesis: z:/senior_design/0v7670_verilog/cory_relearns_verilog/src/camera_configure.v(80): actual bit length 32 differs from formal bit length 1 for port rst_n_i. VERI-1330
                                                         


### Number of Logic Cells: 5280


### Number of RAM Blocks: 30


### Number of DSP Blocks: 8


### Number of PLLs: 1


### Number of IO Pins: 56


##########################################################


                                                         


WARNING <35935049> - synthesis: input port sclk_i remains unconnected for this instance. VDB-5049
WARNING <35935049> - synthesis: input port sdi_i remains unconnected for this instance. VDB-5049
WARNING <35931002> - synthesis: z:/senior_design/0v7670_verilog/sccb/mypll/rtl/mypll.v(139): net \cory_pll/lscc_pll_inst/sclk_i does not have a driver. VDB-1002
WARNING <35931002> - synthesis: z:/senior_design/0v7670_verilog/sccb/mypll/rtl/mypll.v(140): net \cory_pll/lscc_pll_inst/sdi_i does not have a driver. VDB-1002
######## Missing driver on net \cory_pll/lscc_pll_inst/sclk_i. Patching with GND.
######## Missing driver on net \cory_pll/lscc_pll_inst/sdi_i. Patching with GND.



CRITICAL <35001747> - synthesis: Bit 2 of Register \config_1/FSM_return_state is stuck at Zero
CRITICAL <35001747> - synthesis: Bit 1 of Register \config_1/FSM_return_state is stuck at Zero
CRITICAL <35001748> - synthesis: Bit 0 of Register \config_1/FSM_return_state is stuck at One
WARNING <35001779> - synthesis: Initial value found on instance \SCCB1/timer_i5 will be ignored.
WARNING <35001779> - synthesis: Initial value found on instance \SCCB1/timer_i4 will be ignored.
WARNING <35001779> - synthesis: Initial value found on instance \SCCB1/timer_i3 will be ignored.
WARNING <35001779> - synthesis: Initial value found on instance \SCCB1/timer_i2 will be ignored.
INFO <35002039> - synthesis: Special Primitives IFD1P3AZ and OFD1P3AZ for ThunderPlus are synthesized using IOL_B.

################### Begin Area Report (camera_configure)######################
Number of register bits => 148 of 5280 (2 % )
CCU2 => 39
FD1P3XZ => 148
IB => 2
IOL_B => 1
LUT4 => 418
OB => 2
OBZ_B => 2
PLL_B => 1
################### End Area Report ##################
Number of odd-length carry chains : 0
Number of even-length carry chains : 3

################### Begin Clock Report ######################
Clock Nets
Number of Clocks: 2
  Net : cory_pll/lscc_pll_inst/test_clk_c, loads : 1
  Net : clk_c, loads : 1
Clock Enable Nets
Number of Clock Enables: 0
Highest fanout non-clock nets
Top 10 highest fanout non-clock nets:
  Net : SCCB1/FSM_state[2], loads : 42
  Net : SCCB1/FSM_state[3], loads : 35
  Net : config_1/timer_0__N_165, loads : 34
  Net : SCCB1/timer_2__N_270, loads : 32
  Net : rom1/n14_adj_336, loads : 30
  Net : SCCB1/FSM_state[0], loads : 28
  Net : rom1/n14_adj_343, loads : 28
  Net : SCCB1/FSM_state[1], loads : 28
  Net : rom1/n14, loads : 27
  Net : rom1/n14_adj_348, loads : 26
################### End Clock Report ##################

Peak Memory Usage: 106 MB

--------------------------------------------------------------
Total CPU Time: 4 secs 
Total REAL Time: 7 secs 
--------------------------------------------------------------
