                         Lattice Mapping Report File
Design:  top
Family:  iCE40UP
Device:  iCE40UP5K
Package: SG48
Performance Grade:  High-Performance_1.2V

Mapper:    version Radiant Software (64-bit) 2023.1.0.43.3
Mapped on: Sat Mar 29 15:24:01 2025

Design Information
------------------

Command line:   map -i max_verilog_impl_1_syn.udb -pdc
     Z:/senior_design/max_verilog/testpdc.pdc -o max_verilog_impl_1_map.udb -mp
     max_verilog_impl_1.mrp -hierrpt -gui

Design Summary
--------------

   Number of slice registers:   0 out of  5280 (0%)
   Number of I/O registers:      0 out of   117 (0%)
   Number of LUT4s:             7 out of  5280 (<1%)
      Number of logic LUT4s:               7
      Number of ripple logic:              0 (0 LUT4s)
   Number of IO sites used:   12 out of 39 (31%)
      Number of IO sites used for general PIO: 12
      Number of IO sites used for I3C: 0 out of 2 (0%)
      (note: If I3C is not used, its site can be used as general PIO)
      Number of IO sites used for PIO+I3C: 12 out of 36 (33%)
      Number of IO sites used for OD+RGB IO buffers: 0 out of 3 (0%)
      (note: If RGB LED drivers are not used, sites can be used as OD outputs,
       see TN1288 iCE40 LED Driver Usage Guide)
      Number of IO sites used for PIO+I3C+OD+RGB: 12 out of 39 (31%)
   Number of DSPs:             0 out of 8 (0%)
   Number of I2Cs:             0 out of 2 (0%)
   Number of High Speed OSCs:  0 out of 1 (0%)
   Number of Low Speed OSCs:   0 out of 1 (0%)
   Number of RGB PWM:          0 out of 1 (0%)
   Number of RGB Drivers:      0 out of 1 (0%)
   Number of SCL FILTERs:      0 out of 2 (0%)
   Number of SRAMs:            0 out of 4 (0%)
   Number of WARMBOOTs:        0 out of 1 (0%)
   Number of SPIs:             0 out of 2 (0%)
   Number of EBRs:             0 out of 30 (0%)
   Number of PLLs:             0 out of 1 (0%)
   Number of Clocks:  0
   Number of Clock Enables:  0
   Number of LSRs:  0
   Top 10 highest fanout non-clock nets:
      Net genericMax.max_num[0]: 3 loads
      Net input1_c_0: 2 loads
      Net input1_c_1: 2 loads
      Net input1_c_2: 2 loads
      Net input1_c_3: 2 loads
      Net input2_c_0: 2 loads
      Net input2_c_1: 2 loads
      Net input2_c_2: 2 loads
      Net input2_c_3: 2 loads
      Net genericMax.max_num_0__N_1: 1 loads


                                    Page 1








   Number of warnings:  0
   Number of errors:    0

Design Errors/Warnings
----------------------

   No errors or warnings present.

IO (PIO) Attributes
-------------------

+---------------------+-----------+-----------+-------+-------+-----------+
| IO Name             | Direction | Levelmode |  IO   |  IO   | Special   |
|                     |           |  IO_TYPE  |  REG  |  DDR  | IO Buffer |
+---------------------+-----------+-----------+-------+-------+-----------+
| out[3]              | OUTPUT    |           |       |       |           |
+---------------------+-----------+-----------+-------+-------+-----------+
| out[2]              | OUTPUT    |           |       |       |           |
+---------------------+-----------+-----------+-------+-------+-----------+
| out[1]              | OUTPUT    |           |       |       |           |
+---------------------+-----------+-----------+-------+-------+-----------+
| out[0]              | OUTPUT    |           |       |       |           |
+---------------------+-----------+-----------+-------+-------+-----------+
| input1[3]           | INPUT     |           |       |       |           |
+---------------------+-----------+-----------+-------+-------+-----------+
| input1[2]           | INPUT     |           |       |       |           |
+---------------------+-----------+-----------+-------+-------+-----------+
| input1[1]           | INPUT     |           |       |       |           |
+---------------------+-----------+-----------+-------+-------+-----------+
| input1[0]           | INPUT     |           |       |       |           |
+---------------------+-----------+-----------+-------+-------+-----------+
| input2[3]           | INPUT     |           |       |       |           |
+---------------------+-----------+-----------+-------+-------+-----------+
| input2[2]           | INPUT     |           |       |       |           |
+---------------------+-----------+-----------+-------+-------+-----------+
| input2[1]           | INPUT     |           |       |       |           |
+---------------------+-----------+-----------+-------+-------+-----------+
| input2[0]           | INPUT     |           |       |       |           |
+---------------------+-----------+-----------+-------+-------+-----------+

Removed logic
-------------

Block input1_pad[3].vlo_inst was optimized away.
Block out_pad[3].vhi_inst was optimized away.

Constraint Summary
------------------

   Total number of constraints: 12
   Total number of constraints dropped: 0

Run Time and Memory Usage
-------------------------

   Total CPU Time: 0 secs

                                    Page 2





Run Time and Memory Usage (cont)
--------------------------------
   Total REAL Time: 0 secs
   Peak Memory Usage: 57 MB
























































                                    Page 3


Copyright (c) 1991-1994 by NeoCAD Inc. All rights reserved.
Copyright (c) 1995
     AT&T Corp.   All rights reserved.
Copyright (c) 1995-2001 Lucent
     Technologies Inc.  All rights reserved.
Copyright (c) 2001 Agere Systems
     All rights reserved.
Copyright (c) 2002-2023 Lattice Semiconductor
     Corporation,  All rights reserved.
