                         Lattice Mapping Report File
Design:  top
Family:  iCE40UP
Device:  iCE40UP5K
Package: SG48
Performance Grade:  High-Performance_1.2V

Mapper:    version Radiant Software (64-bit) 2023.1.0.43.3
Mapped on: Wed Oct 30 16:20:39 2024

Design Information
------------------

Command line:   map -i dsp_mult_impl_1_syn.udb -o dsp_mult_impl_1_map.udb -mp
     dsp_mult_impl_1.mrp -hierrpt -gui

Design Summary
--------------

   Number of slice registers:   0 out of  5280 (0%)
   Number of I/O registers:      0 out of   117 (0%)
   Number of LUT4s:            21 out of  5280 (<1%)
      Number of logic LUT4s:               1
      Number of ripple logic:             10 (20 LUT4s)
   Number of IO sites used:   32 out of 39 (82%)
      Number of IO sites used for general PIO: 32
      Number of IO sites used for I3C: 0 out of 2 (0%)
      (note: If I3C is not used, its site can be used as general PIO)
      Number of IO sites used for PIO+I3C: 32 out of 36 (89%)
      Number of IO sites used for OD+RGB IO buffers: 0 out of 3 (0%)
      (note: If RGB LED drivers are not used, sites can be used as OD outputs,
       see TN1288 iCE40 LED Driver Usage Guide)
      Number of IO sites used for PIO+I3C+OD+RGB: 32 out of 39 (82%)
   Number of DSPs:             2 out of 8 (25%)
   Number of I2Cs:             0 out of 2 (0%)
   Number of High Speed OSCs:  0 out of 1 (0%)
   Number of Low Speed OSCs:   0 out of 1 (0%)
   Number of RGB PWM:          0 out of 1 (0%)
   Number of RGB Drivers:      0 out of 1 (0%)
   Number of SCL FILTERs:      0 out of 2 (0%)
   Number of SRAMs:            0 out of 4 (0%)
   Number of WARMBOOTs:        0 out of 1 (0%)
   Number of SPIs:             0 out of 2 (0%)
   Number of EBRs:             0 out of 30 (0%)
   Number of PLLs:             0 out of 1 (0%)
   Number of Clocks:  0
   Number of Clock Enables:  0
   Number of LSRs:  0
   Top 10 highest fanout non-clock nets:
      Net VCC_net: 47 loads
      Net mult_lut_test.C_c_14_N_135: 2 loads
      Net mult_lut_test.C_c_16_N_119: 2 loads
      Net mult_lut_test.C_c_18_N_103: 2 loads
      Net mult_lut_test.C_c_20_N_87: 2 loads
      Net mult_lut_test.n704: 2 loads
      Net mult_lut_test.n707: 2 loads
      Net mult_lut_test.n710: 2 loads
      Net mult_lut_test.n713: 2 loads
      Net mult_lut_test.n716: 2 loads



                                    Page 1








   Number of warnings:  0
   Number of errors:    0

Design Errors/Warnings
----------------------

   No errors or warnings present.

IO (PIO) Attributes
-------------------

+---------------------+-----------+-----------+-------+-------+-----------+
| IO Name             | Direction | Levelmode |  IO   |  IO   | Special   |
|                     |           |  IO_TYPE  |  REG  |  DDR  | IO Buffer |
+---------------------+-----------+-----------+-------+-------+-----------+
| C[0]                | OUTPUT    |           |       |       |           |
+---------------------+-----------+-----------+-------+-------+-----------+
| C[31]               | OUTPUT    |           |       |       |           |
+---------------------+-----------+-----------+-------+-------+-----------+
| C[28]               | OUTPUT    |           |       |       |           |
+---------------------+-----------+-----------+-------+-------+-----------+
| C[29]               | OUTPUT    |           |       |       |           |
+---------------------+-----------+-----------+-------+-------+-----------+
| C[30]               | OUTPUT    |           |       |       |           |
+---------------------+-----------+-----------+-------+-------+-----------+
| C[1]                | OUTPUT    |           |       |       |           |
+---------------------+-----------+-----------+-------+-------+-----------+
| C[2]                | OUTPUT    |           |       |       |           |
+---------------------+-----------+-----------+-------+-------+-----------+
| C[3]                | OUTPUT    |           |       |       |           |
+---------------------+-----------+-----------+-------+-------+-----------+
| C[4]                | OUTPUT    |           |       |       |           |
+---------------------+-----------+-----------+-------+-------+-----------+
| C[5]                | OUTPUT    |           |       |       |           |
+---------------------+-----------+-----------+-------+-------+-----------+
| C[6]                | OUTPUT    |           |       |       |           |
+---------------------+-----------+-----------+-------+-------+-----------+
| C[7]                | OUTPUT    |           |       |       |           |
+---------------------+-----------+-----------+-------+-------+-----------+
| C[8]                | OUTPUT    |           |       |       |           |
+---------------------+-----------+-----------+-------+-------+-----------+
| C[9]                | OUTPUT    |           |       |       |           |
+---------------------+-----------+-----------+-------+-------+-----------+
| C[10]               | OUTPUT    |           |       |       |           |
+---------------------+-----------+-----------+-------+-------+-----------+
| C[11]               | OUTPUT    |           |       |       |           |
+---------------------+-----------+-----------+-------+-------+-----------+
| C[12]               | OUTPUT    |           |       |       |           |
+---------------------+-----------+-----------+-------+-------+-----------+
| C[13]               | OUTPUT    |           |       |       |           |
+---------------------+-----------+-----------+-------+-------+-----------+
| C[14]               | OUTPUT    |           |       |       |           |
+---------------------+-----------+-----------+-------+-------+-----------+
| C[15]               | OUTPUT    |           |       |       |           |
+---------------------+-----------+-----------+-------+-------+-----------+
| C[16]               | OUTPUT    |           |       |       |           |

                                    Page 2





IO (PIO) Attributes (cont)
--------------------------
+---------------------+-----------+-----------+-------+-------+-----------+
| C[17]               | OUTPUT    |           |       |       |           |
+---------------------+-----------+-----------+-------+-------+-----------+
| C[18]               | OUTPUT    |           |       |       |           |
+---------------------+-----------+-----------+-------+-------+-----------+
| C[19]               | OUTPUT    |           |       |       |           |
+---------------------+-----------+-----------+-------+-------+-----------+
| C[20]               | OUTPUT    |           |       |       |           |
+---------------------+-----------+-----------+-------+-------+-----------+
| C[21]               | OUTPUT    |           |       |       |           |
+---------------------+-----------+-----------+-------+-------+-----------+
| C[22]               | OUTPUT    |           |       |       |           |
+---------------------+-----------+-----------+-------+-------+-----------+
| C[23]               | OUTPUT    |           |       |       |           |
+---------------------+-----------+-----------+-------+-------+-----------+
| C[24]               | OUTPUT    |           |       |       |           |
+---------------------+-----------+-----------+-------+-------+-----------+
| C[25]               | OUTPUT    |           |       |       |           |
+---------------------+-----------+-----------+-------+-------+-----------+
| C[26]               | OUTPUT    |           |       |       |           |
+---------------------+-----------+-----------+-------+-------+-----------+
| C[27]               | OUTPUT    |           |       |       |           |
+---------------------+-----------+-----------+-------+-------+-----------+

Removed logic
-------------

Block i1 was optimized away.

ASIC Components
---------------

Instance Name: mult_lut_test/mult_6
         Type: DSP
Instance Name: mult_lut_test/mult_7
         Type: DSP

Constraint Summary
------------------

   Total number of constraints: 0
   Total number of constraints dropped: 0

Run Time and Memory Usage
-------------------------

   Total CPU Time: 0 secs
   Total REAL Time: 0 secs
   Peak Memory Usage: 52 MB









                                    Page 3


Copyright (c) 1991-1994 by NeoCAD Inc. All rights reserved.
Copyright (c) 1995
     AT&T Corp.   All rights reserved.
Copyright (c) 1995-2001 Lucent
     Technologies Inc.  All rights reserved.
Copyright (c) 2001 Agere Systems
     All rights reserved.
Copyright (c) 2002-2023 Lattice Semiconductor
     Corporation,  All rights reserved.
