synthesis:  version Radiant Software (64-bit) 2023.1.0.43.3

Copyright (c) 1991-1994 by NeoCAD Inc. All rights reserved.
Copyright (c) 1995 AT&T Corp.   All rights reserved.
Copyright (c) 1995-2001 Lucent Technologies Inc.  All rights reserved.
Copyright (c) 2001 Agere Systems   All rights reserved.
Copyright (c) 2002-2023 Lattice Semiconductor Corporation,  All rights reserved.
Tue Apr 15 19:32:29 2025


Command Line:  C:\lscc\radiant\2023.1\ispfpga\bin\nt64\synthesis.exe -f full_vga_impl_1_lattice.synproj -gui -msgset Z:/senior_design/0v7670_Verilog/full_vga/promote.xml 

Synthesis options:
The -a option is iCE40UP.
The -t option is SG48.
The -sp option is High-Performance_1.2V.
The -p option is iCE40UP5K.
                                                          


##########################################################


### Lattice Family     : iCE40UP


### Device             : iCE40UP5K


### Package            : SG48


### Performance Grade  : High-Performance_1.2V


                                                         


INFO <35001786> - synthesis: User-Selected Strategy Settings
Optimization goal = Area
Top-level module name = top.
Target frequency = 200.000000 MHz.
Maximum fanout = 1000.
Timing path count = 3 (default)
RWCheckOnRam = 0

BRAM utilization = 100.000000 %
DSP usage = true
DSP utilization = 100.000000 %
fsm_encoding_style = auto
resolve_mixed_drivers = 0
fix_gated_clocks = 1


Mux style = auto (Default)
Use Carry Chain = true
carry_chain_length = 0
Loop Limit = 1950.
Use IO Insertion = TRUE
Use IO Reg = AUTO

Resource Sharing = TRUE
Propagate Constants = TRUE
Remove Duplicate Registers = TRUE
Output HDL file name = full_vga_impl_1.vm.
ROM style = auto
RAM style = auto
The -comp option is FALSE.
The -syn option is FALSE.
-sdc option: SDC file input is full_vga_impl_1_cpe.ldc.
-path C:/lscc/radiant/2023.1/ispfpga/ice40tp/data (searchpath added)
-path Z:/senior_design/0v7670_Verilog/full_vga (searchpath added)
-path Z:/senior_design/0v7670_Verilog/full_vga/impl_1 (searchpath added)
-path Z:/senior_design/0v7670_Verilog/full_vga/mypll (searchpath added)
Mixed language design
Verilog design file = C:/lscc/radiant/2023.1/ip/pmi/pmi_iCE40UP.v
Verilog design file = Z:/senior_design/0v7670_Verilog/full_vga/source/impl_1/camera_read.v
Verilog design file = Z:/senior_design/0v7670_Verilog/full_vga/source/impl_1/single_capture.v
Verilog design file = Z:/senior_design/0v7670_Verilog/full_vga/source/impl_1/vga.v
Verilog design file = Z:/senior_design/0v7670_Verilog/full_vga/mypll/rtl/mypll.v
VHDL library = pmi
VHDL design file = C:/lscc/radiant/2023.1/ip/pmi/pmi_iCE40UP.vhd
The -r option is OFF. [ Remove LOC Properties is OFF. ]
WARNING <35935050> - synthesis: input port TRIM9 is not connected on this instance. VDB-5050
WARNING <35935050> - synthesis: input port TRIM8 is not connected on this instance. VDB-5050
WARNING <35935050> - synthesis: input port TRIM7 is not connected on this instance. VDB-5050
WARNING <35935050> - synthesis: input port TRIM6 is not connected on this instance. VDB-5050
WARNING <35935050> - synthesis: input port TRIM5 is not connected on this instance. VDB-5050
WARNING <35935050> - synthesis: input port TRIM4 is not connected on this instance. VDB-5050
WARNING <35935050> - synthesis: input port TRIM3 is not connected on this instance. VDB-5050
WARNING <35935050> - synthesis: input port TRIM2 is not connected on this instance. VDB-5050
WARNING <35935050> - synthesis: input port TRIM1 is not connected on this instance. VDB-5050
WARNING <35935050> - synthesis: input port TRIM0 is not connected on this instance. VDB-5050
WARNING <35935050> - synthesis: input port I is not connected on this instance. VDB-5050
Compile design.
Compile Design Begin
Analyzing Verilog file c:/lscc/radiant/2023.1/ip/pmi/pmi_ice40up.v. VERI-1482
INFO <35901328> - synthesis: c:/lscc/radiant/2023.1/ip/pmi/pmi_ice40up.v(1): analyzing included file c:/lscc/radiant/2023.1/ip/pmi/pmi_addsub.v. VERI-1328
INFO <35901328> - synthesis: c:/lscc/radiant/2023.1/ip/pmi/pmi_addsub.v(40): analyzing included file c:/lscc/radiant/2023.1/ip/pmi/../common/adder_subtractor/rtl/lscc_add_sub.v. VERI-1328
INFO <35901328> - synthesis: c:/lscc/radiant/2023.1/ip/pmi/pmi_ice40up.v(2): analyzing included file c:/lscc/radiant/2023.1/ip/pmi/pmi_add.v. VERI-1328
INFO <35901328> - synthesis: c:/lscc/radiant/2023.1/ip/pmi/pmi_add.v(50): analyzing included file c:/lscc/radiant/2023.1/ip/pmi/../common/adder/rtl/lscc_adder.v. VERI-1328
INFO <35901328> - synthesis: c:/lscc/radiant/2023.1/ip/pmi/pmi_ice40up.v(3): analyzing included file c:/lscc/radiant/2023.1/ip/pmi/pmi_complex_mult.v. VERI-1328
INFO <35901328> - synthesis: c:/lscc/radiant/2023.1/ip/pmi/pmi_complex_mult.v(52): analyzing included file c:/lscc/radiant/2023.1/ip/pmi/../common/complex_mult/rtl/lscc_complex_mult.v. VERI-1328
INFO <35901328> - synthesis: c:/lscc/radiant/2023.1/ip/pmi/pmi_ice40up.v(4): analyzing included file c:/lscc/radiant/2023.1/ip/pmi/pmi_counter.v. VERI-1328
INFO <35901328> - synthesis: c:/lscc/radiant/2023.1/ip/pmi/pmi_counter.v(39): analyzing included file c:/lscc/radiant/2023.1/ip/pmi/../common/counter/rtl/lscc_cntr.v. VERI-1328
INFO <35901328> - synthesis: c:/lscc/radiant/2023.1/ip/pmi/pmi_ice40up.v(5): analyzing included file c:/lscc/radiant/2023.1/ip/pmi/pmi_fifo.v. VERI-1328
INFO <35901328> - synthesis: c:/lscc/radiant/2023.1/ip/pmi/pmi_fifo.v(44): analyzing included file c:/lscc/radiant/2023.1/ip/pmi/../avant/fifo/rtl/lscc_fifo.v. VERI-1328
INFO <35901328> - synthesis: c:/lscc/radiant/2023.1/ip/pmi/pmi_ice40up.v(6): analyzing included file c:/lscc/radiant/2023.1/ip/pmi/pmi_fifo_dc.v. VERI-1328
INFO <35901328> - synthesis: c:/lscc/radiant/2023.1/ip/pmi/pmi_fifo_dc.v(47): analyzing included file c:/lscc/radiant/2023.1/ip/pmi/../avant/fifo_dc/rtl/lscc_fifo_dc.v. VERI-1328
INFO <35901328> - synthesis: c:/lscc/radiant/2023.1/ip/pmi/pmi_ice40up.v(7): analyzing included file c:/lscc/radiant/2023.1/ip/pmi/pmi_mac.v. VERI-1328
INFO <35901328> - synthesis: c:/lscc/radiant/2023.1/ip/pmi/pmi_mac.v(52): analyzing included file c:/lscc/radiant/2023.1/ip/pmi/../common/mult_accumulate/rtl/lscc_mult_accumulate.v. VERI-1328
INFO <35901328> - synthesis: c:/lscc/radiant/2023.1/ip/pmi/pmi_ice40up.v(8): analyzing included file c:/lscc/radiant/2023.1/ip/pmi/pmi_multaddsubsum.v. VERI-1328
INFO <35901328> - synthesis: c:/lscc/radiant/2023.1/ip/pmi/pmi_multaddsubsum.v(53): analyzing included file c:/lscc/radiant/2023.1/ip/pmi/../common/mult_add_sub_sum/rtl/lscc_mult_add_sub_sum.v. VERI-1328
INFO <35901328> - synthesis: c:/lscc/radiant/2023.1/ip/pmi/pmi_ice40up.v(9): analyzing included file c:/lscc/radiant/2023.1/ip/pmi/pmi_multaddsub.v. VERI-1328
INFO <35901328> - synthesis: c:/lscc/radiant/2023.1/ip/pmi/pmi_multaddsub.v(52): analyzing included file c:/lscc/radiant/2023.1/ip/pmi/../common/mult_add_sub/rtl/lscc_mult_add_sub.v. VERI-1328
INFO <35901328> - synthesis: c:/lscc/radiant/2023.1/ip/pmi/pmi_ice40up.v(10): analyzing included file c:/lscc/radiant/2023.1/ip/pmi/pmi_mult.v. VERI-1328
INFO <35901328> - synthesis: c:/lscc/radiant/2023.1/ip/pmi/pmi_mult.v(51): analyzing included file c:/lscc/radiant/2023.1/ip/pmi/../common/multiplier/rtl/lscc_multiplier.v. VERI-1328
INFO <35901328> - synthesis: c:/lscc/radiant/2023.1/ip/pmi/pmi_ice40up.v(11): analyzing included file c:/lscc/radiant/2023.1/ip/pmi/pmi_ram_dp.v. VERI-1328
INFO <35901328> - synthesis: c:/lscc/radiant/2023.1/ip/pmi/pmi_ram_dp.v(48): analyzing included file c:/lscc/radiant/2023.1/ip/pmi/../avant/ram_dp/rtl/lscc_ram_dp.v. VERI-1328
INFO <35901328> - synthesis: c:/lscc/radiant/2023.1/ip/pmi/pmi_ice40up.v(12): analyzing included file c:/lscc/radiant/2023.1/ip/pmi/pmi_ram_dq.v. VERI-1328
INFO <35901328> - synthesis: c:/lscc/radiant/2023.1/ip/pmi/pmi_ram_dq.v(45): analyzing included file c:/lscc/radiant/2023.1/ip/pmi/../avant/ram_dq/rtl/lscc_ram_dq.v. VERI-1328
INFO <35901328> - synthesis: c:/lscc/radiant/2023.1/ip/pmi/pmi_ice40up.v(13): analyzing included file c:/lscc/radiant/2023.1/ip/pmi/pmi_rom.v. VERI-1328
INFO <35901328> - synthesis: c:/lscc/radiant/2023.1/ip/pmi/pmi_rom.v(45): analyzing included file c:/lscc/radiant/2023.1/ip/pmi/../avant/rom/rtl/lscc_rom.v. VERI-1328
INFO <35901328> - synthesis: c:/lscc/radiant/2023.1/ip/pmi/pmi_ice40up.v(14): analyzing included file c:/lscc/radiant/2023.1/ip/pmi/pmi_sub.v. VERI-1328
INFO <35901328> - synthesis: c:/lscc/radiant/2023.1/ip/pmi/pmi_sub.v(50): analyzing included file c:/lscc/radiant/2023.1/ip/pmi/../common/subtractor/rtl/lscc_subtractor.v. VERI-1328
INFO <35901328> - synthesis: c:/lscc/radiant/2023.1/ip/pmi/pmi_ice40up.v(15): analyzing included file c:/lscc/radiant/2023.1/ip/pmi/pmi_ram_dp_be.v. VERI-1328
INFO <35901328> - synthesis: c:/lscc/radiant/2023.1/ip/pmi/pmi_ram_dp_be.v(49): analyzing included file c:/lscc/radiant/2023.1/ip/pmi/../avant/ram_dp/rtl/lscc_ram_dp.v. VERI-1328
INFO <35901328> - synthesis: c:/lscc/radiant/2023.1/ip/pmi/pmi_ice40up.v(16): analyzing included file c:/lscc/radiant/2023.1/ip/pmi/pmi_ram_dq_be.v. VERI-1328
INFO <35901328> - synthesis: c:/lscc/radiant/2023.1/ip/pmi/pmi_ram_dq_be.v(45): analyzing included file c:/lscc/radiant/2023.1/ip/pmi/../avant/ram_dq/rtl/lscc_ram_dq.v. VERI-1328
INFO <35901328> - synthesis: c:/lscc/radiant/2023.1/ip/pmi/pmi_ice40up.v(17): analyzing included file c:/lscc/radiant/2023.1/ip/pmi/pmi_dsp.v. VERI-1328
Analyzing Verilog file z:/senior_design/0v7670_verilog/full_vga/source/impl_1/camera_read.v. VERI-1482
Analyzing Verilog file z:/senior_design/0v7670_verilog/full_vga/source/impl_1/single_capture.v. VERI-1482
Analyzing Verilog file z:/senior_design/0v7670_verilog/full_vga/source/impl_1/vga.v. VERI-1482
Analyzing Verilog file z:/senior_design/0v7670_verilog/full_vga/mypll/rtl/mypll.v. VERI-1482
Analyzing VHDL file c:/lscc/radiant/2023.1/ip/pmi/pmi_ice40up.vhd. VHDL-1481
Analyzing VHDL file c:/lscc/radiant/2023.1/ip/pmi/pmi_ice40up.vhd

INFO <35921014> - synthesis: c:/lscc/radiant/2023.1/ip/pmi/pmi_ice40up.vhd(4): analyzing package components. VHDL-1014
INFO <35921504> - synthesis: The default VHDL library search path is now "Z:/senior_design/0v7670_Verilog/full_vga/impl_1". VHDL-1504
Top module language type = Verilog.
Top module name (Verilog, mixed language): top
INFO <35901018> - synthesis: z:/senior_design/0v7670_verilog/full_vga/source/impl_1/single_capture.v(1): compiling module top. VERI-1018
INFO <35901018> - synthesis: z:/senior_design/0v7670_verilog/full_vga/mypll/rtl/mypll.v(11): compiling module mypll. VERI-1018
INFO <35901018> - synthesis: z:/senior_design/0v7670_verilog/full_vga/mypll/rtl/mypll.v(105): compiling module mypll_ipgen_lscc_pll(DIVR="0",DIVF="66",DIVQ="5",FILTER_RANGE="1",PLLOUT_SELECT_PORTA="GENCLK",PLLOUT_SELECT_PORTB="GENCLK",FREQUENCY_PIN_REFERENCECLK="12.000000"). VERI-1018
INFO <35901018> - synthesis: C:/lscc/radiant/2023.1/ispfpga/../cae_library/synthesis/verilog/iCE40UP.v(428): compiling module PLL_B(PLLOUT_SELECT_PORTA="GENCLK",PLLOUT_SELECT_PORTB="GENCLK",DIVF="66",DIVQ="5",FILTER_RANGE="1",FREQUENCY_PIN_REFERENCECLK="12.000000"). VERI-1018
WARNING <35935049> - synthesis: input port sclk_i remains unconnected for this instance. VDB-5049
WARNING <35935049> - synthesis: input port sdi_i remains unconnected for this instance. VDB-5049
INFO <35901018> - synthesis: z:/senior_design/0v7670_verilog/full_vga/source/impl_1/camera_read.v(21): compiling module camera_read. VERI-1018
INFO <35901018> - synthesis: z:/senior_design/0v7670_verilog/full_vga/source/impl_1/vga.v(1): compiling module vga. VERI-1018
WARNING <35901209> - synthesis: z:/senior_design/0v7670_verilog/full_vga/source/impl_1/vga.v(18): expression size 32 truncated to fit in target size 10. VERI-1209
WARNING <35901209> - synthesis: z:/senior_design/0v7670_verilog/full_vga/source/impl_1/vga.v(22): expression size 32 truncated to fit in target size 10. VERI-1209
WARNING <35901209> - synthesis: z:/senior_design/0v7670_verilog/full_vga/source/impl_1/single_capture.v(92): expression size 2 truncated to fit in target size 1. VERI-1209
WARNING <35901209> - synthesis: z:/senior_design/0v7670_verilog/full_vga/source/impl_1/single_capture.v(106): expression size 32 truncated to fit in target size 20. VERI-1209
INFO <35901018> - synthesis: C:/lscc/radiant/2023.1/ispfpga/../cae_library/synthesis/verilog/iCE40UP.v(742): compiling module SP256K. VERI-1018
WARNING <35901209> - synthesis: z:/senior_design/0v7670_verilog/full_vga/source/impl_1/single_capture.v(231): expression size 32 truncated to fit in target size 20. VERI-1209
WARNING <35901209> - synthesis: z:/senior_design/0v7670_verilog/full_vga/source/impl_1/single_capture.v(239): expression size 32 truncated to fit in target size 4. VERI-1209
WARNING <35901209> - synthesis: z:/senior_design/0v7670_verilog/full_vga/source/impl_1/single_capture.v(281): expression size 3 truncated to fit in target size 2. VERI-1209
                                                         


### Number of Logic Cells: 5280


### Number of RAM Blocks: 30


### Number of DSP Blocks: 8


### Number of PLLs: 1


### Number of IO Pins: 56


##########################################################


                                                         


WARNING <35935049> - synthesis: input port sclk_i remains unconnected for this instance. VDB-5049
WARNING <35935049> - synthesis: input port sdi_i remains unconnected for this instance. VDB-5049
WARNING <35931002> - synthesis: z:/senior_design/0v7670_verilog/full_vga/mypll/rtl/mypll.v(139): net \my_pll/lscc_pll_inst/sclk_i does not have a driver. VDB-1002
WARNING <35931002> - synthesis: z:/senior_design/0v7670_verilog/full_vga/mypll/rtl/mypll.v(140): net \my_pll/lscc_pll_inst/sdi_i does not have a driver. VDB-1002
######## Missing driver on net \my_pll/lscc_pll_inst/sclk_i. Patching with GND.
######## Missing driver on net \my_pll/lscc_pll_inst/sdi_i. Patching with GND.



CRITICAL <35001747> - synthesis: Bit 1 of Register \reader/FSM_state is stuck at Zero
CRITICAL <35002028> - synthesis: I/O Port CAMERA_DATA_IN[7] 's net has no driver and is unused.
CRITICAL <35002028> - synthesis: I/O Port CAMERA_DATA_IN[6] 's net has no driver and is unused.
CRITICAL <35002028> - synthesis: I/O Port CAMERA_DATA_IN[5] 's net has no driver and is unused.
CRITICAL <35002028> - synthesis: I/O Port CAMERA_DATA_IN[4] 's net has no driver and is unused.
CRITICAL <35002028> - synthesis: I/O Port CAMERA_DATA_IN[3] 's net has no driver and is unused.
CRITICAL <35002028> - synthesis: I/O Port CAMERA_DATA_IN[2] 's net has no driver and is unused.
CRITICAL <35002028> - synthesis: I/O Port CAMERA_DATA_IN[1] 's net has no driver and is unused.
CRITICAL <35002028> - synthesis: I/O Port CAMERA_DATA_IN[0] 's net has no driver and is unused.

################### Begin Area Report (top)######################
Number of register bits => 52 of 5280 (0 % )
CCU2 => 23
FD1P3XZ => 52
IB => 5
LUT4 => 55
OB => 11
PLL_B => 1
################### End Area Report ##################
Number of odd-length carry chains : 0
Number of even-length carry chains : 3

################### Begin Clock Report ######################
Clock Nets
Number of Clocks: 3
  Net : my_pll/lscc_pll_inst/clk_25MHz_c, loads : 1
  Net : CAMERA_PCLOCK_c, loads : 0
  Net : clk_12MHz_c, loads : 1
Clock Enable Nets
Number of Clock Enables: 0
Highest fanout non-clock nets
Top 10 highest fanout non-clock nets:
  Net : vga_inst/row_0__N_119, loads : 21
  Net : write_address_0__N_62, loads : 20
  Net : vga_inst/write_address_0__N_61, loads : 20
  Net : debug_state_c_1, loads : 16
  Net : debug_state_c_0, loads : 16
  Net : fsm_state[2], loads : 15
  Net : vga_inst/row_0__N_120, loads : 10
  Net : start_c, loads : 5
  Net : start_prev, loads : 4
  Net : bit_count[1], loads : 4
################### End Clock Report ##################

Peak Memory Usage: 89 MB

--------------------------------------------------------------
Total CPU Time: 2 secs 
Total REAL Time: 4 secs 
--------------------------------------------------------------
