C:\lscc\radiant\2023.1\synpbase\bin64\c_hdl.exe  -osyn  Z:\senior_design\0v7670_Verilog\camera_output\impl_1\synwork\camera_output_impl_1_comp.srs  -top  top  -hdllog  Z:\senior_design\0v7670_Verilog\camera_output\impl_1\synlog\camera_output_impl_1_compiler.srr  -encrypt  -mp  4  -verification_mode 0  -vhdl  -prodtype  synplify_pro  -primux -fixsmult -infer_seqShift -sdff_counter -nram -divnmod -nostructver  -lattice -ice  -encrypt  -pro  -dmgen  Z:\senior_design\0v7670_Verilog\camera_output\impl_1\dm  -lite -ui -fid2 -ram -sharing on -ll 2000 -autosm  -work_is_curlib 0  -ignore_undefined_lib  -lib pmi C:\lscc\radiant\2023.1\ip\pmi\pmi_iCE40UP.vhd  -verilog  -prodtype  synplify_pro  -primux -fixsmult -infer_seqShift -sdff_counter -nram -divnmod -nostructver  -lattice -ice   -I Z:\senior_design\0v7670_Verilog\camera_output  -I Z:\senior_design\0v7670_Verilog\camera_output\mypll  -I Z:\senior_design\0v7670_Verilog\camera_output\impl_1\  -I C:\lscc\radiant\2023.1\synpbase\lib   -v2001  -devicelib  C:\lscc\radiant\2023.1\synpbase\lib\generic\ice40up.v  -encrypt  -pro  -dmgen  Z:\senior_design\0v7670_Verilog\camera_output\impl_1\dm  -ui -fid2 -ram -sharing on -ll 2000 -autosm  -D_MULTIPLE_FILE_COMPILATION_UNIT_  -lib work C:\lscc\radiant\2023.1\ip\pmi\pmi_iCE40UP.v -lib work -fv2001 Z:\senior_design\0v7670_Verilog\camera_output\source\impl_1\my_pll.v -lib work -fv2001 Z:\senior_design\0v7670_Verilog\camera_output\source\impl_1\vga.v -lib work -fv2001 Z:\senior_design\0v7670_Verilog\camera_output\source\impl_1\camera_configure.v -lib work -fv2001 Z:\senior_design\0v7670_Verilog\camera_output\mypll\rtl\mypll.v -lib work -fv2001 Z:\senior_design\0v7670_Verilog\camera_output\source\impl_1\pattern_gen.v -lib work -fv2001 Z:\senior_design\0v7670_Verilog\camera_output\source\impl_1\seven_seg.v  -jobname  "compiler" 
relcom:C:\lscc\radiant\2023.1\synpbase\bin64\c_hdl.exe -osyn ..\synwork\camera_output_impl_1_comp.srs -top top -hdllog ..\synlog\camera_output_impl_1_compiler.srr -encrypt -mp 4 -verification_mode 0 -vhdl -prodtype synplify_pro -primux -fixsmult -infer_seqShift -sdff_counter -nram -divnmod -nostructver -lattice -ice -encrypt -pro -dmgen ..\dm -lite -ui -fid2 -ram -sharing on -ll 2000 -autosm -work_is_curlib 0 -ignore_undefined_lib -lib pmi C:\lscc\radiant\2023.1\ip\pmi\pmi_iCE40UP.vhd -verilog -prodtype synplify_pro -primux -fixsmult -infer_seqShift -sdff_counter -nram -divnmod -nostructver -lattice -ice -I ..\..\..\camera_output -I ..\..\mypll -I ..\ -I C:\lscc\radiant\2023.1\synpbase\lib -v2001 -devicelib C:\lscc\radiant\2023.1\synpbase\lib\generic\ice40up.v -encrypt -pro -dmgen ..\dm -ui -fid2 -ram -sharing on -ll 2000 -autosm -D_MULTIPLE_FILE_COMPILATION_UNIT_ -lib work C:\lscc\radiant\2023.1\ip\pmi\pmi_iCE40UP.v -lib work -fv2001 ..\..\source\impl_1\my_pll.v -lib work -fv2001 ..\..\source\impl_1\vga.v -lib work -fv2001 ..\..\source\impl_1\camera_configure.v -lib work -fv2001 ..\..\mypll\rtl\mypll.v -lib work -fv2001 ..\..\source\impl_1\pattern_gen.v -lib work -fv2001 ..\..\source\impl_1\seven_seg.v -jobname "compiler"
rc:0 success:1 runtime:4
file:..\synwork\camera_output_impl_1_comp.srs|io:o|time:1743794921|size:12030|exec:0|csum:
file:..\synlog\camera_output_impl_1_compiler.srr|io:o|time:1743794922|size:29340|exec:0|csum:
file:c:\lscc\radiant\2023.1\ip\pmi\pmi_ice40up.vhd|io:i|time:1648538958|size:17231|exec:0|csum:B4484439D4F130E2494777ACC3084671
file:c:\lscc\radiant\2023.1\synpbase\lib\generic\ice40up.v|io:i|time:1685564443|size:26462|exec:0|csum:72B2E46EE2EB03A1019CFFB44E4E2628
file:c:\lscc\radiant\2023.1\ip\pmi\pmi_ice40up.v|io:i|time:1537835135|size:413|exec:0|csum:B58F1C803B5DCA172B31258BA35093C2
file:.\-fv2001|io:i|time:0|size:-1|exec:0|csum:
file:..\..\source\impl_1\my_pll.v|io:i|time:1743537417|size:1222|exec:0|csum:1D98EB67F9848631AA4D963F8EDE8E56
file:.\-fv2001|io:i|time:0|size:-1|exec:0|csum:
file:..\..\source\impl_1\vga.v|io:i|time:1743537389|size:1094|exec:0|csum:75117D8058D62B1ABD593279E9FAC148
file:.\-fv2001|io:i|time:0|size:-1|exec:0|csum:
file:..\..\source\impl_1\camera_configure.v|io:i|time:1743794911|size:3756|exec:0|csum:E176AC7C9DFCB3B73E35F4F0A0EB39D7
file:.\-fv2001|io:i|time:0|size:-1|exec:0|csum:
file:..\..\mypll\rtl\mypll.v|io:i|time:1743536373|size:9529|exec:0|csum:5DE7F592B087BF9ED05D6D58A9AD155F
file:.\-fv2001|io:i|time:0|size:-1|exec:0|csum:
file:..\..\source\impl_1\pattern_gen.v|io:i|time:1743537497|size:214|exec:0|csum:046CFBF681ABE7E61DAB7A2D70250544
file:.\-fv2001|io:i|time:0|size:-1|exec:0|csum:
file:..\..\source\impl_1\seven_seg.v|io:i|time:1743791631|size:881|exec:0|csum:BBB783849A95B4EB67D3411ED91D2976
file:c:\lscc\radiant\2023.1\synpbase\bin64\c_hdl.exe|io:i|time:1685564425|size:7462400|exec:1|csum:8F99C9C5CFFCEDD3FCE66A8A74236AA9
