
"C:/lscc/radiant/2023.1/tcltk/windows/bin/tclsh" "nunchuck_testing_impl_1_synthesize.tcl"

synthesis -f nunchuck_testing_impl_1_lattice.synproj
synthesis:  version Radiant Software (64-bit) 2023.1.0.43.3

Copyright (c) 1991-1994 by NeoCAD Inc. All rights reserved.
Copyright (c) 1995 AT&T Corp.   All rights reserved.
Copyright (c) 1995-2001 Lucent Technologies Inc.  All rights reserved.
Copyright (c) 2001 Agere Systems   All rights reserved.
Copyright (c) 2002-2023 Lattice Semiconductor Corporation,  All rights reserved.
Fri Dec 13 20:21:38 2024


Command Line:  C:\lscc\radiant\2023.1\ispfpga\bin\nt64\synthesis.exe -f nunchuck_testing_impl_1_lattice.synproj -gui -msgset Z:/es4_ta_resources/nunchuck_testing/promote.xml 

INFO <35002000> - synthesis: Lattice Synthesis Engine Launched.
Synthesis options:
The -a option is iCE40UP.
The -t option is SG48.
The -sp option is High-Performance_1.2V.
The -p option is iCE40UP5K.
                                                          


##########################################################


### Lattice Family     : iCE40UP


### Device             : iCE40UP5K


### Package            : SG48


### Performance Grade  : High-Performance_1.2V


                                                         


INFO <35001786> - User-Selected Strategy Settings
Optimization goal = Area
Top-level module name = top.
Target frequency = 200.000000 MHz.
Maximum fanout = 1000.
Timing path count = 3 (default)
RWCheckOnRam = 0

BRAM utilization = 100.000000 %
DSP usage = true
DSP utilization = 100.000000 %
fsm_encoding_style = auto
resolve_mixed_drivers = 0
fix_gated_clocks = 1


Mux style = auto (Default)
Use Carry Chain = true
carry_chain_length = 0
Loop Limit = 1950.
Use IO Insertion = TRUE
Use IO Reg = AUTO

Resource Sharing = TRUE
Propagate Constants = TRUE
Remove Duplicate Registers = TRUE
Output HDL file name = nunchuck_testing_impl_1.vm.
ROM style = auto
RAM style = auto
The -comp option is FALSE.
The -syn option is FALSE.
-vh2008

-path C:/lscc/radiant/2023.1/ispfpga/ice40tp/data (searchpath added)
-path Z:/es4_ta_resources/nunchuck_testing (searchpath added)
-path Z:/es4_ta_resources/nunchuck_testing/impl_1 (searchpath added)
Mixed language design
Verilog design file = C:/lscc/radiant/2023.1/ip/pmi/pmi_iCE40UP.v
VHDL library = pmi
VHDL design file = C:/lscc/radiant/2023.1/ip/pmi/pmi_iCE40UP.vhd
VHDL library = work
VHDL design file = Z:/es4_ta_resources/nunchuck_testing/source/impl_1/i2c.vhd
VHDL library = work
VHDL design file = Z:/es4_ta_resources/nunchuck_testing/source/impl_1/top2.vhd
The -r option is OFF. [ Remove LOC Properties is OFF. ]
WARNING <35935050> - input port TRIM9 is not connected on this instance. VDB-5050
WARNING <35935050> - input port TRIM8 is not connected on this instance. VDB-5050
WARNING <35935050> - input port TRIM7 is not connected on this instance. VDB-5050
WARNING <35935050> - input port TRIM6 is not connected on this instance. VDB-5050
WARNING <35935050> - input port TRIM5 is not connected on this instance. VDB-5050
WARNING <35935050> - input port TRIM4 is not connected on this instance. VDB-5050
WARNING <35935050> - input port TRIM3 is not connected on this instance. VDB-5050
WARNING <35935050> - input port TRIM2 is not connected on this instance. VDB-5050
WARNING <35935050> - input port TRIM1 is not connected on this instance. VDB-5050
WARNING <35935050> - input port TRIM0 is not connected on this instance. VDB-5050
WARNING <35935050> - input port I is not connected on this instance. VDB-5050
Compile design.
Compile Design Begin
Analyzing Verilog file c:/lscc/radiant/2023.1/ip/pmi/pmi_ice40up.v. VERI-1482
c:/lscc/radiant/2023.1/ip/pmi/pmi_ice40up.v(1): analyzing included file c:/lscc/radiant/2023.1/ip/pmi/pmi_addsub.v. VERI-1328
c:/lscc/radiant/2023.1/ip/pmi/pmi_addsub.v(40): analyzing included file c:/lscc/radiant/2023.1/ip/pmi/../common/adder_subtractor/rtl/lscc_add_sub.v. VERI-1328
c:/lscc/radiant/2023.1/ip/pmi/pmi_ice40up.v(2): analyzing included file c:/lscc/radiant/2023.1/ip/pmi/pmi_add.v. VERI-1328
c:/lscc/radiant/2023.1/ip/pmi/pmi_add.v(50): analyzing included file c:/lscc/radiant/2023.1/ip/pmi/../common/adder/rtl/lscc_adder.v. VERI-1328
c:/lscc/radiant/2023.1/ip/pmi/pmi_ice40up.v(3): analyzing included file c:/lscc/radiant/2023.1/ip/pmi/pmi_complex_mult.v. VERI-1328
c:/lscc/radiant/2023.1/ip/pmi/pmi_complex_mult.v(52): analyzing included file c:/lscc/radiant/2023.1/ip/pmi/../common/complex_mult/rtl/lscc_complex_mult.v. VERI-1328
c:/lscc/radiant/2023.1/ip/pmi/pmi_ice40up.v(4): analyzing included file c:/lscc/radiant/2023.1/ip/pmi/pmi_counter.v. VERI-1328
c:/lscc/radiant/2023.1/ip/pmi/pmi_counter.v(39): analyzing included file c:/lscc/radiant/2023.1/ip/pmi/../common/counter/rtl/lscc_cntr.v. VERI-1328
c:/lscc/radiant/2023.1/ip/pmi/pmi_ice40up.v(5): analyzing included file c:/lscc/radiant/2023.1/ip/pmi/pmi_fifo.v. VERI-1328
c:/lscc/radiant/2023.1/ip/pmi/pmi_fifo.v(44): analyzing included file c:/lscc/radiant/2023.1/ip/pmi/../avant/fifo/rtl/lscc_fifo.v. VERI-1328
c:/lscc/radiant/2023.1/ip/pmi/pmi_ice40up.v(6): analyzing included file c:/lscc/radiant/2023.1/ip/pmi/pmi_fifo_dc.v. VERI-1328
c:/lscc/radiant/2023.1/ip/pmi/pmi_fifo_dc.v(47): analyzing included file c:/lscc/radiant/2023.1/ip/pmi/../avant/fifo_dc/rtl/lscc_fifo_dc.v. VERI-1328
c:/lscc/radiant/2023.1/ip/pmi/pmi_ice40up.v(7): analyzing included file c:/lscc/radiant/2023.1/ip/pmi/pmi_mac.v. VERI-1328
c:/lscc/radiant/2023.1/ip/pmi/pmi_mac.v(52): analyzing included file c:/lscc/radiant/2023.1/ip/pmi/../common/mult_accumulate/rtl/lscc_mult_accumulate.v. VERI-1328
c:/lscc/radiant/2023.1/ip/pmi/pmi_ice40up.v(8): analyzing included file c:/lscc/radiant/2023.1/ip/pmi/pmi_multaddsubsum.v. VERI-1328
c:/lscc/radiant/2023.1/ip/pmi/pmi_multaddsubsum.v(53): analyzing included file c:/lscc/radiant/2023.1/ip/pmi/../common/mult_add_sub_sum/rtl/lscc_mult_add_sub_sum.v. VERI-1328
c:/lscc/radiant/2023.1/ip/pmi/pmi_ice40up.v(9): analyzing included file c:/lscc/radiant/2023.1/ip/pmi/pmi_multaddsub.v. VERI-1328
c:/lscc/radiant/2023.1/ip/pmi/pmi_multaddsub.v(52): analyzing included file c:/lscc/radiant/2023.1/ip/pmi/../common/mult_add_sub/rtl/lscc_mult_add_sub.v. VERI-1328
c:/lscc/radiant/2023.1/ip/pmi/pmi_ice40up.v(10): analyzing included file c:/lscc/radiant/2023.1/ip/pmi/pmi_mult.v. VERI-1328
c:/lscc/radiant/2023.1/ip/pmi/pmi_mult.v(51): analyzing included file c:/lscc/radiant/2023.1/ip/pmi/../common/multiplier/rtl/lscc_multiplier.v. VERI-1328
c:/lscc/radiant/2023.1/ip/pmi/pmi_ice40up.v(11): analyzing included file c:/lscc/radiant/2023.1/ip/pmi/pmi_ram_dp.v. VERI-1328
c:/lscc/radiant/2023.1/ip/pmi/pmi_ram_dp.v(48): analyzing included file c:/lscc/radiant/2023.1/ip/pmi/../avant/ram_dp/rtl/lscc_ram_dp.v. VERI-1328
c:/lscc/radiant/2023.1/ip/pmi/pmi_ice40up.v(12): analyzing included file c:/lscc/radiant/2023.1/ip/pmi/pmi_ram_dq.v. VERI-1328
c:/lscc/radiant/2023.1/ip/pmi/pmi_ram_dq.v(45): analyzing included file c:/lscc/radiant/2023.1/ip/pmi/../avant/ram_dq/rtl/lscc_ram_dq.v. VERI-1328
c:/lscc/radiant/2023.1/ip/pmi/pmi_ice40up.v(13): analyzing included file c:/lscc/radiant/2023.1/ip/pmi/pmi_rom.v. VERI-1328
c:/lscc/radiant/2023.1/ip/pmi/pmi_rom.v(45): analyzing included file c:/lscc/radiant/2023.1/ip/pmi/../avant/rom/rtl/lscc_rom.v. VERI-1328
c:/lscc/radiant/2023.1/ip/pmi/pmi_ice40up.v(14): analyzing included file c:/lscc/radiant/2023.1/ip/pmi/pmi_sub.v. VERI-1328
c:/lscc/radiant/2023.1/ip/pmi/pmi_sub.v(50): analyzing included file c:/lscc/radiant/2023.1/ip/pmi/../common/subtractor/rtl/lscc_subtractor.v. VERI-1328
c:/lscc/radiant/2023.1/ip/pmi/pmi_ice40up.v(15): analyzing included file c:/lscc/radiant/2023.1/ip/pmi/pmi_ram_dp_be.v. VERI-1328
c:/lscc/radiant/2023.1/ip/pmi/pmi_ram_dp_be.v(49): analyzing included file c:/lscc/radiant/2023.1/ip/pmi/../avant/ram_dp/rtl/lscc_ram_dp.v. VERI-1328
c:/lscc/radiant/2023.1/ip/pmi/pmi_ice40up.v(16): analyzing included file c:/lscc/radiant/2023.1/ip/pmi/pmi_ram_dq_be.v. VERI-1328
c:/lscc/radiant/2023.1/ip/pmi/pmi_ram_dq_be.v(45): analyzing included file c:/lscc/radiant/2023.1/ip/pmi/../avant/ram_dq/rtl/lscc_ram_dq.v. VERI-1328
c:/lscc/radiant/2023.1/ip/pmi/pmi_ice40up.v(17): analyzing included file c:/lscc/radiant/2023.1/ip/pmi/pmi_dsp.v. VERI-1328
Analyzing VHDL file c:/lscc/radiant/2023.1/ip/pmi/pmi_ice40up.vhd. VHDL-1481
Analyzing VHDL file c:/lscc/radiant/2023.1/ip/pmi/pmi_ice40up.vhd

INFO <35921014> - c:/lscc/radiant/2023.1/ip/pmi/pmi_ice40up.vhd(4): analyzing package components. VHDL-1014
Analyzing VHDL file z:/es4_ta_resources/nunchuck_testing/source/impl_1/i2c.vhd. VHDL-1481
Analyzing VHDL file z:/es4_ta_resources/nunchuck_testing/source/impl_1/i2c.vhd

INFO <35921012> - z:/es4_ta_resources/nunchuck_testing/source/impl_1/i2c.vhd(14): analyzing entity i2c_master. VHDL-1012
INFO <35921010> - z:/es4_ta_resources/nunchuck_testing/source/impl_1/i2c.vhd(32): analyzing architecture logic. VHDL-1010
Analyzing VHDL file z:/es4_ta_resources/nunchuck_testing/source/impl_1/top2.vhd. VHDL-1481
Analyzing VHDL file z:/es4_ta_resources/nunchuck_testing/source/impl_1/top2.vhd

INFO <35921012> - z:/es4_ta_resources/nunchuck_testing/source/impl_1/top2.vhd(5): analyzing entity top. VHDL-1012
INFO <35921010> - z:/es4_ta_resources/nunchuck_testing/source/impl_1/top2.vhd(16): analyzing architecture behavioral. VHDL-1010
The default VHDL library search path is now "Z:/es4_ta_resources/nunchuck_testing/impl_1". VHDL-1504
Top module language type = VHDL.
Top module name (VHDL, mixed language): top
                                                         


### Number of Logic Cells: 5280


### Number of RAM Blocks: 30


### Number of DSP Blocks: 8


### Number of PLLs: 1


### Number of IO Pins: 56


##########################################################


                                                         


WARNING <35935040> - Register rw clock is stuck at Zero. VDB-5040
INFO <35001774> - Extracted state machine for register 'byte_counter' with one-hot encoding
State machine has 4 reachable states with original encodings of:

 000 

 001 

 010 

 011 

original encoding -> new encoding (one-hot encoding)

 000 -> 0001

 001 -> 0010

 010 -> 0100

 011 -> 1000




CRITICAL <35001747> - Bit 0 of Register \i2c_master_portmap/addr_rw is stuck at Zero
######## Converting I/O port sda to output.
WARNING <35935040> - Register I2C_ADDRESS_i0 clock is stuck at Zero. VDB-5040
WARNING <35935040> - Register I2C_ADDRESS_i2 clock is stuck at Zero. VDB-5040
WARNING <35935040> - Register I2C_ADDRESS_i3 clock is stuck at Zero. VDB-5040
WARNING <35935040> - Register I2C_ADDRESS_i5 clock is stuck at Zero. VDB-5040
WARNING <35935040> - Register \i2c_master_portmap/addr_rw__i1 clock is stuck at Zero. VDB-5040
WARNING <35935040> - Register byte_counter_FSM_i4 clock is stuck at Zero. VDB-5040
WARNING <35935040> - Register byte_counter_FSM_i5 clock is stuck at Zero. VDB-5040
WARNING <35935040> - Register byte_counter_FSM_i6 clock is stuck at Zero. VDB-5040
WARNING <35935040> - Register byte_counter_FSM_i7 clock is stuck at Zero. VDB-5040
WARNING <35935040> - Register \i2c_master_portmap/addr_rw__i3 clock is stuck at Zero. VDB-5040
WARNING <35935040> - Register \i2c_master_portmap/addr_rw__i4 clock is stuck at Zero. VDB-5040
WARNING <35935040> - Register \i2c_master_portmap/addr_rw__i6 clock is stuck at Zero. VDB-5040
WARNING <35001779> - Initial value found on instance \i2c_master_portmap/bit_cnt__i0 will be ignored.
WARNING <35001779> - Initial value found on instance \i2c_master_portmap/bit_cnt__i1 will be ignored.
WARNING <35001779> - Initial value found on instance \i2c_master_portmap/bit_cnt__i2 will be ignored.

################### Begin Area Report (top)######################
Number of register bits => 57 of 5280 (1 % )
BB_B => 1
CCU2 => 8
FD1P3XZ => 57
IB => 1
LUT4 => 113
OB => 5
OBZ_B => 1
################### End Area Report ##################
Number of odd-length carry chains : 2
Number of even-length carry chains : 0

################### Begin Clock Report ######################
Clock Nets
Number of Clocks: 2
  Net : clk, loads : 1
  Net : clk_12MHz_c, loads : 0
Clock Enable Nets
Number of Clock Enables: 0
Highest fanout non-clock nets
Top 10 highest fanout non-clock nets:
  Net : i2c_master_portmap/state[2], loads : 17
  Net : i2c_master_portmap/bit_cnt[0], loads : 16
  Net : i2c_master_portmap/state[0], loads : 16
  Net : i2c_master_portmap/state[1], loads : 16
  Net : first_time, loads : 12
  Net : i2c_master_portmap/count_0__N_77, loads : 11
  Net : i2c_master_portmap/data_tx_0__N_60, loads : 11
  Net : i2c_master_portmap/data_tx_0__N_61, loads : 11
  Net : i2c_master_portmap/busy_c, loads : 10
  Net : ena_c, loads : 10
################### End Clock Report ##################

Peak Memory Usage: 105 MB

--------------------------------------------------------------
Total CPU Time: 3 secs 
Total REAL Time: 5 secs 
--------------------------------------------------------------


postsyn -a iCE40UP -p iCE40UP5K -t SG48 -sp High-Performance_1.2V -oc Industrial -top -w -o nunchuck_testing_impl_1_syn.udb nunchuck_testing_impl_1.vm
POSTSYN: Post Synthesis Process Radiant Software (64-bit) 2023.1.0.43.3
Command Line: postsyn -a iCE40UP -p iCE40UP5K -t SG48 -sp High-Performance_1.2V -oc Industrial -top -w -o nunchuck_testing_impl_1_syn.udb -gui -msgset Z:/es4_ta_resources/nunchuck_testing/promote.xml nunchuck_testing_impl_1.vm 
   Architecture:     iCE40UP
   Device:           iCE40UP5K
   Package:          SG48
   Performance:      High-Performance_1.2V
Reading input file 'nunchuck_testing_impl_1.vm' ...
CPU Time to convert: 0.09375
REAL Time to convert: 0
convert PEAK Memory Usage: 28 MB
convert CURRENT Memory Usage: 28 MB
Removing unused logic ...
Starting design annotation....
 
Constraint Summary:
   Total number of constraints: 0
   Total number of constraints dropped: 0
 
Writing output file 'nunchuck_testing_impl_1_syn.udb'.
POSTSYN finished successfully.
Total CPU Time: 0 secs 
Total REAL Time: 0 secs 
Peak Memory Usage: 33 MB


map -i "nunchuck_testing_impl_1_syn.udb" -pdc "Z:/es4_ta_resources/nunchuck_testing/pins.pdc" -o "nunchuck_testing_impl_1_map.udb" -mp "nunchuck_testing_impl_1.mrp" -hierrpt     
map:  version Radiant Software (64-bit) 2023.1.0.43.3

Copyright (c) 1991-1994 by NeoCAD Inc. All rights reserved.
Copyright (c) 1995 AT&T Corp.   All rights reserved.
Copyright (c) 1995-2001 Lucent Technologies Inc.  All rights reserved.
Copyright (c) 2001 Agere Systems   All rights reserved.
Copyright (c) 2002-2023 Lattice Semiconductor Corporation,  All rights reserved.

Command line:   map -i nunchuck_testing_impl_1_syn.udb -pdc Z:/es4_ta_resources/nunchuck_testing/pins.pdc -o nunchuck_testing_impl_1_map.udb -mp nunchuck_testing_impl_1.mrp -hierrpt -gui 

Loading device for application GENERIC from file 'itpa08.nph' in environment: C:/lscc/radiant/2023.1/ispfpga.
Package Status:                     Preliminary    Version 1.5.



WARNING <1026001> - Z:/es4_ta_resources/nunchuck_testing/pins.pdc (2) : No port matched &apos;clk&apos;.
WARNING <1026001> - Z:/es4_ta_resources/nunchuck_testing/pins.pdc (11) : No port matched &apos;c_button&apos;.
WARNING <1026001> - Z:/es4_ta_resources/nunchuck_testing/pins.pdc (12) : No port matched &apos;z_button&apos;.
WARNING <1026001> - Z:/es4_ta_resources/nunchuck_testing/pins.pdc (13) : No port matched &apos;reset&apos;.
WARNING <1027013> - No port matched 'clk'.
WARNING <1014301> - Can't resolve object 'clk' in constraint 'ldc_set_location -site {36} [get_ports clk]'.
WARNING <1027013> - No port matched 'c_button'.
WARNING <1014301> - Can't resolve object 'c_button' in constraint 'ldc_set_location -site {48} [get_ports c_button]'.
WARNING <1027013> - No port matched 'z_button'.
WARNING <1014301> - Can't resolve object 'z_button' in constraint 'ldc_set_location -site {4} [get_ports z_button]'.
WARNING <1027013> - No port matched 'reset'.
WARNING <1014301> - Can't resolve object 'reset' in constraint 'ldc_set_location -site {31} [get_ports reset]'.
WARNING <1011001> - Remove invalid constraint 'ldc_set_location -site {36} [get_ports clk]'.
WARNING <1011001> - Remove invalid constraint 'ldc_set_location -site {48} [get_ports c_button]'.
WARNING <1011001> - Remove invalid constraint 'ldc_set_location -site {4} [get_ports z_button]'.
WARNING <1011001> - Remove invalid constraint 'ldc_set_location -site {31} [get_ports reset]'.
   Remove unused logic

   Do not produce over sized UDBs.

Design:  top
Family:  iCE40UP
Device:  iCE40UP5K
Package: SG48
Performance Grade:  High-Performance_1.2V

Running general design DRC...

Removing unused logic...

Optimizing...




Design Summary:
   Number of slice registers:  57 out of  5280 (1%)
   Number of I/O registers:      0 out of   117 (0%)
   Number of LUT4s:           151 out of  5280 (3%)
      Number of logic LUT4s:             116
      Number of inserted feedthru LUT4s:  15
      Number of replicated LUT4s:          4
      Number of ripple logic:              8 (16 LUT4s)
   Number of IO sites used:   8 out of 39 (21%)
      Number of IO sites used for general PIO: 8
      Number of IO sites used for I3C: 0 out of 2 (0%)
      (note: If I3C is not used, its site can be used as general PIO)
      Number of IO sites used for PIO+I3C: 8 out of 36 (22%)
      Number of IO sites used for OD+RGB IO buffers: 0 out of 3 (0%)
      (note: If RGB LED drivers are not used, sites can be used as OD outputs,
       see TN1288 iCE40 LED Driver Usage Guide)
      Number of IO sites used for PIO+I3C+OD+RGB: 8 out of 39 (21%)
   Number of DSPs:             0 out of 8 (0%)
   Number of I2Cs:             0 out of 2 (0%)
   Number of High Speed OSCs:  0 out of 1 (0%)
   Number of Low Speed OSCs:   0 out of 1 (0%)
   Number of RGB PWM:          0 out of 1 (0%)
   Number of RGB Drivers:      0 out of 1 (0%)
   Number of SCL FILTERs:      0 out of 2 (0%)
   Number of SRAMs:            0 out of 4 (0%)
   Number of WARMBOOTs:        0 out of 1 (0%)
   Number of SPIs:             0 out of 2 (0%)
   Number of EBRs:             0 out of 30 (0%)
   Number of PLLs:             0 out of 1 (0%)
   Number of Clocks:  2
      Net clk_12MHz_c: 37 loads, 37 rising, 0 falling (Driver: Port clk_12MHz)
      Net clk: 17 loads, 17 rising, 0 falling (Driver: Pin clk_I_0_2/Q)
   Number of Clock Enables:  8
      Net i2c_master_portmap.sda_int_N_91: 1 loads, 1 SLICEs
      Net i2c_master_portmap.data_tx_0__N_60: 11 loads, 11 SLICEs
      Net i2c_master_portmap.busy_c_N_79: 1 loads, 1 SLICEs
      Net i2c_master_portmap.state_1__N_35: 2 loads, 2 SLICEs
      Net i2c_master_portmap.stretch_N_93: 1 loads, 1 SLICEs
      Net i2c_master_portmap.bit_cnt_1__N_66: 2 loads, 2 SLICEs
      Net i2c_master_portmap.state_0__N_38: 1 loads, 1 SLICEs
      Net data_wr_0__N_28: 6 loads, 6 SLICEs
   Number of LSRs:  6
      Net i2c_master_portmap.count_0__N_77: 1 loads, 1 SLICEs
      Net i2c_master_portmap.data_tx_0__N_61: 11 loads, 11 SLICEs
      Net i2c_master_portmap.bit_cnt_0__N_69: 3 loads, 3 SLICEs
      Net i2c_master_portmap.busy_c_N_80: 4 loads, 4 SLICEs
      Net clkCount_0__N_14: 4 loads, 4 SLICEs
      Net data_wr_0__N_29: 6 loads, 6 SLICEs
   Top 10 highest fanout non-clock nets:
      Net bit_cnt[0]: 19 loads
      Net i2c_master_portmap.state[2]: 19 loads
      Net i2c_master_portmap.state[0]: 17 loads
      Net i2c_master_portmap.state[1]: 17 loads
      Net i2c_master_portmap.count_0__N_77: 14 loads
      Net first_time: 12 loads
      Net bit_cnt[1]: 11 loads
      Net busy_c: 11 loads
      Net i2c_master_portmap.data_tx_0__N_60: 11 loads
      Net i2c_master_portmap.data_tx_0__N_61: 11 loads
Running physical design DRC...

 

   Number of warnings:  16
   Number of errors:    0

Constraint Summary:
   Total number of constraints: 13
   Total number of constraints dropped: 4


Total CPU Time: 0 secs  
Total REAL Time: 0 secs  
Peak Memory Usage: 59 MB


par -f "nunchuck_testing_impl_1.p2t" "nunchuck_testing_impl_1_map.udb" "nunchuck_testing_impl_1.udb"

Lattice Place and Route Report for Design "nunchuck_testing_impl_1_map.udb"
Fri Dec 13 20:21:44 2024

PAR: Place And Route Radiant Software (64-bit) 2023.1.0.43.3.
Command Line: par -w -t 1 -cores 1 -exp parPathBased=ON \
	nunchuck_testing_impl_1_map.udb nunchuck_testing_impl_1_par.dir/5_1.udb 

Loading nunchuck_testing_impl_1_map.udb ...
Loading device for application GENERIC from file 'itpa08.nph' in environment: C:/lscc/radiant/2023.1/ispfpga.
Package Status:                     Preliminary    Version 1.5.
Performance Hardware Data Status:   Advanced       Version 1.0.



Design:  top
Family:  iCE40UP
Device:  iCE40UP5K
Package: SG48
Performance Grade:   High-Performance_1.2V
Number of Signals: 222
Number of Connections: 607
Device utilization summary:

   SLICE (est.)      81/2640          3% used
     LUT            151/5280          3% used
     REG             57/5280          1% used
   PIO                8/56           14% used
                      8/36           22% bonded
   IOLOGIC            0/56            0% used
   DSP                0/8             0% used
   I2C                0/2             0% used
   HFOSC              0/1             0% used
   LFOSC              0/1             0% used
   LEDDA_IP           0/1             0% used
   RGBA_DRV           0/1             0% used
   FILTER             0/2             0% used
   SRAM               0/4             0% used
   WARMBOOT           0/1             0% used
   SPI                0/2             0% used
   EBR                0/30            0% used
   PLL                0/1             0% used
   RGBOUTBUF          0/3             0% used
   I3C                0/2             0% used
   OPENDRAIN          0/3             0% used

Pin Constraint Summary:
   8 out of 8 pins locked (100% locked).

Finished Placer Phase 0 (HIER). CPU time: 0 secs , REAL time: 0 secs 


................
Finished Placer Phase 0 (AP).  CPU time: 0 secs , REAL time: 0 secs 

Starting Placer Phase 1. CPU time: 0 secs , REAL time: 0 secs 
..  ..
....................

Placer score = 17782.

Device SLICE utilization summary after final SLICE packing:
   SLICE             81/2640          3% used

Finished Placer Phase 1. CPU time: 3 secs , REAL time: 4 secs 

Starting Placer Phase 2.
.

Placer score =  41232
Finished Placer Phase 2.  CPU time: 3 secs , REAL time: 4 secs 


------------------ Clock Report ------------------

Global Clocks :
  PRIMARY "clk_12MHz_c" from comp "clk_12MHz" on CLK_PIN site "20 (PL20B)", clk load = 27, ce load = 0, sr load = 0
  PRIMARY "clk" from Q0 on comp "SLICE_54" on site "R13C2B", clk load = 12, ce load = 0, sr load = 0

  PRIMARY  : 2 out of 8 (25%)

--------------- End of Clock Report ---------------


I/O Usage Summary (final):
   8 out of 56 (14.3%) I/O sites used.
   8 out of 36 (22.2%) bonded I/O sites used.
   Number of I/O components: 8; differential: 0
   Number of Vref pins used: 0

I/O Bank Usage Summary:
+----------+---------------+------------+------------+------------+
| I/O Bank | Usage         | Bank Vccio | Bank Vref1 | Bank Vref2 |
+----------+---------------+------------+------------+------------+
| 0        | 0 / 14 (  0%) | OFF        |            |            |
| 1        | 4 / 14 ( 28%) | 3.3V       |            |            |
| 2        | 4 / 8 ( 50%)  | 3.3V       |            |            |
+----------+---------------+------------+------------+------------+

Total Placer CPU time: 3 secs , REAL time: 4 secs 

Writing design to file nunchuck_testing_impl_1_par.dir/5_1.udb ...


-----------------------------------------------------------------
INFO - par: ASE feature is off due to non timing-driven settings.  
-----------------------------------------------------------------


Start NBR router at 20:21:48 12/13/24

*****************************************************************
Info: NBR allows conflicts(one node used by more than one signal)
      in the earlier iterations. In each iteration, it tries to  
      solve the conflicts while keeping the critical connections 
      routed as short as possible. The routing process is said to
      be completed when no conflicts exist and all connections   
      are routed.                                                
Note: NBR uses a different method to calculate timing slacks. The
      worst slack and total negative slack may not be the same as
      that in timing report. You should always run the timing    
      tool to verify your design.                                
*****************************************************************

Starting routing resource preassignment
Preassignment Summary:
--------------------------------------------------------------------------------
71 connections routed with dedicated routing resources
2 global clock signals routed
110 connections routed (of 574 total) (19.16%)
---------------------------------------------------------
Clock routing summary:
Primary clocks (2 used out of 8 available):
#0  Signal "clk_12MHz_c"
       Clock   loads: 27    out of    27 routed (100.00%)
#5  Signal "clk"
       Clock   loads: 12    out of    12 routed (100.00%)
       Data    loads: 0     out of     1 routed (  0.00%)
---------------------------------------------------------
--------------------------------------------------------------------------------
Completed routing resource preassignment

Start NBR section for initial routing at 20:21:49 12/13/24
+++++++++++++++++++++++++++++++++++++++++++++++++++++++++++++++++++
Routing in Serial Mode ......
+++++++++++++++++++++++++++++++++++++++++++++++++++++++++++++++++++
Level 4, iteration 1
13(0.00%) conflicts; 0(0.00%) untouched conn; 0 (nbr) score; real time: 0 secs 

Info: Initial congestion level at 75.00% usage is 0
Info: Initial congestion area  at 75.00% usage is 0 (0.00%)

Start NBR section for normal routing at 20:21:49 12/13/24
Level 4, iteration 1
1(0.00%) conflict; 0(0.00%) untouched conn; 0 (nbr) score; real time: 0 secs 
Level 4, iteration 2
0(0.00%) conflict; 0(0.00%) untouched conn; 0 (nbr) score; real time: 0 secs 

Start NBR section for post-routing at 20:21:49 12/13/24

End NBR router with 0 unrouted connection

NBR Summary
-----------
  Number of unrouted connections : 0 (0.00%)
-----------


Total CPU time 0 secs 
Total REAL time: 0 secs 
Completely routed.
End of route.  574 routed (100.00%); 0 unrouted.

Writing design to file nunchuck_testing_impl_1_par.dir/5_1.udb ...


PAR_SUMMARY::Run status = Completed
PAR_SUMMARY::Number of unrouted conns = 0
PAR_SUMMARY::Worst  slack<setup/<ns>> = <n/a>
PAR_SUMMARY::Timing score<setup/<ns>> = <n/a>
PAR_SUMMARY::Worst  slack<hold /<ns>> = <n/a>
PAR_SUMMARY::Timing score<hold /<ns>> = <n/a>
PAR_SUMMARY::Number of errors = 0

Total CPU  Time: 4 secs 
Total REAL Time: 5 secs 
Peak Memory Usage: 88.23 MB


par done!

Note: user must run 'timing' for timing closure signoff.

Copyright (c) 1991-1994 by NeoCAD Inc. All rights reserved.
Copyright (c) 1995 AT&T Corp.   All rights reserved.
Copyright (c) 1995-2001 Lucent Technologies Inc.  All rights reserved.
Copyright (c) 2001 Agere Systems   All rights reserved.
Copyright (c) 2002-2023 Lattice Semiconductor Corporation,  All rights reserved.

timing -sethld -v 10 -u 10 -endpoints 10 -nperend 1 -sp High-Performance_1.2V -hsp m   -pwrprd -html -rpt "nunchuck_testing_impl_1.twr" "nunchuck_testing_impl_1.udb" 
timing -sethld -v 10 -u 10 -endpoints 10 -nperend 1 -sp High-Performance_1.2V -hsp m -pwrprd -html -rpt nunchuck_testing_impl_1.twr nunchuck_testing_impl_1.udb -gui
Starting design reading...
Loading device for application GENERIC from file 'itpa08.nph' in environment: C:/lscc/radiant/2023.1/ispfpga.
Package Status:                     Preliminary    Version 1.5.
Performance Hardware Data Status:   Advanced       Version 1.0.
Loading udb::Database ...
Design:  top
Family:  iCE40UP
Device:  iCE40UP5K
Package: SG48
Performance Grade:   High-Performance_1.2V



Successfully loading udb, 0.05 seconds

Initializing timer
Starting design annotation....
High-Performance_1.2V

Starting full timing analysis...
Performance Hardware Data Status:   Advanced       Version 1.0.
Connections ignored  40  counted  529  covered  0
Changing speed to m;   changing temperature to -40

STA Runtime and Peak Memory Usage :
Total CPU Time: 0 secs 
Total REAL Time: 0 secs 
Peak Memory Usage: 94 MB

 1.455942s wall, 0.812500s user + 0.171875s system = 0.984375s CPU (67.6%)


tmcheck -par "nunchuck_testing_impl_1.par" 

bitgen -w "nunchuck_testing_impl_1.udb" -f "nunchuck_testing_impl_1.t2b" 
Loading nunchuck_testing_impl_1.udb ...
Loading device for application GENERIC from file 'itpa08.nph' in environment: C:/lscc/radiant/2023.1/ispfpga.
Package Status:                     Preliminary    Version 1.5.
Performance Hardware Data Status:   Advanced       Version 1.0.



Design:  top
Family:  iCE40UP
Device:  iCE40UP5K
Package: SG48
Performance Grade:   High-Performance_1.2V
Successfully loading design udb and device data from disks and to up-layer in CPU time: 0 secs , REAL time: 0 secs 



BITGEN: Bitstream Generator Radiant Software (64-bit) 2023.1.0.43.3
Copyright (c) 1991-1994 by NeoCAD Inc. All rights reserved.
Copyright (c) 1995 AT&T Corp.   All rights reserved.
Copyright (c) 1995-2001 Lucent Technologies Inc.  All rights reserved.
Copyright (c) 2001 Agere Systems   All rights reserved.
Copyright (c) 2002-2023 Lattice Semiconductor Corporation,  All rights reserved.


Running DRC.
DRC detected 0 errors and 0 warnings.

Preference Summary:
+---------------------------------+---------------------------------+
|  Preference                     |  Current Setting                |
+---------------------------------+---------------------------------+
 *  Default setting.
 ** The specified setting matches the default setting.


Creating bit map...
Saving bit stream in "Z:\es4_ta_resources\nunchuck_testing\impl_1\nunchuck_testing_impl_1.bin".
INFO <1081100> - Bitstream authenticated.
Bitstream generation complete!

Total CPU Time: 0 secs 
Total REAL Time: 0 secs 
Peak Memory Usage: 112 MB


ibisgen "nunchuck_testing_impl_1.udb" "C:/lscc/radiant/2023.1/cae_library/ibis/iCE40UP.ibs"
IBIS Models Generator: Lattice Radiant Software (64-bit) 2023.1.0.43.3

Fri Dec 13 20:21:52 2024

Loading nunchuck_testing_impl_1.udb ...
Loading device for application GENERIC from file 'itpa08.nph' in environment: C:/lscc/radiant/2023.1/ispfpga.
Package Status:                     Preliminary    Version 1.5.
Performance Hardware Data Status:   Advanced       Version 1.0.



Design:  top
Family:  iCE40UP
Device:  iCE40UP5K
Package: SG48
Performance Grade:   High-Performance_1.2V
Successfully loading design udb and device data from disks and to up-layer in CPU time: 0 secs , REAL time: 0 secs 

Created design models.


Generating: Z:\es4_ta_resources\nunchuck_testing\impl_1\IBIS\nunchuck_testing_impl_1.ibs


INFO <1191031> - Design IBIS models are generated for board level analysis.


backanno "nunchuck_testing_impl_1.udb"  -o "nunchuck_testing_impl_1_vo.vo"      -sp "High-Performance_1.2V"  -w -neg
backanno: version Radiant Software (64-bit) 2023.1.0.43.3
Copyright (c) 1991-1994 by NeoCAD Inc. All rights reserved.
Copyright (c) 1995 AT&T Corp.   All rights reserved.
Copyright (c) 1995-2001 Lucent Technologies Inc.  All rights reserved.
Copyright (c) 2001 Agere Systems   All rights reserved.
Copyright (c) 2002-2023 Lattice Semiconductor Corporation,  All rights reserved.

Loading device for application GENERIC from file 'itpa08.nph' in environment: C:/lscc/radiant/2023.1/ispfpga.
Package Status:                     Preliminary    Version 1.5.
Loading udb::Database ...
Design:  top
Family:  iCE40UP
Device:  iCE40UP5K
Package: SG48
Performance Grade:   High-Performance_1.2V
Performance Hardware Data Status:   Advanced       Version 1.0.



Writing a verilog netlist based on the nunchuck_testing_impl_1 design file.

Writing Verilog netlist to file nunchuck_testing_impl_1_vo.vo
Writing SDF timing to file nunchuck_testing_impl_1_vo.sdf
Backanno finished with 0 posted error messages.
Total CPU Time: 0 secs 
Total REAL Time: 0 secs 
Peak Memory Usage: 84 MB
